
----------------------------------------------------------------------------------------------------
Sun Aug  1 12:08:54 2021
https://images.unsplash.com/photo-1583248663157-44fa76158e2a?crop=entropy&cs=srgb&fm=jpg&ixid=MnwyNTA0NjV8MHwxfGFsbHx8fHx8fHx8fDE2Mjc4MTYwMTQ&ixlib=rb-1.2.1&q=85

cK_fX07OeXI
Done Saving
----------------------------------------------------------------------------------------------------

----------------------------------------------------------------------------------------------------
Sun Aug  1 12:20:10 2021
https://images.unsplash.com/photo-1626618624700-1f881e60c441?crop=entropy&cs=srgb&fm=jpg&ixid=MnwyNTA0NjV8MHwxfGFsbHx8fHx8fHx8fDE2Mjc4MTY4MTA&ixlib=rb-1.2.1&q=85

LdiHHdBDaig

Done Saving
----------------------------------------------------------------------------------------------------
Sun Aug  1 12:21:21 2021
https://images.unsplash.com/photo-1626618624700-1f881e60c441?crop=entropy&cs=srgb&fm=jpg&ixid=MnwyNTA0NjV8MHwxfGFsbHx8fHx8fHx8fDE2Mjc4MTY4MTA&ixlib=rb-1.2.1&q=85

LdiHHdBDaig

Done Saving
----------------------------------------------------------------------------------------------------

----------------------------------------------------------------------------------------------------
Sun Aug  1 12:22:39 2021
https://images.unsplash.com/photo-1524722296347-8f15fbd74c63?crop=entropy&cs=srgb&fm=jpg&ixid=MnwyNTA0NjV8MHwxfGFsbHx8fHx8fHx8fDE2Mjc4MTY5NTk&ixlib=rb-1.2.1&q=85

p_0tDp9zAeI

Done Saving
----------------------------------------------------------------------------------------------------
Sun Aug  1 12:23:10 2021
https://images.unsplash.com/photo-1560157368-946d9c8f7cb6?crop=entropy&cs=srgb&fm=jpg&ixid=MnwyNTA0NjV8MHwxfGFsbHx8fHx8fHx8fDE2Mjc4MTY5ODk&ixlib=rb-1.2.1&q=85

I74RH4XeHlA

Done Saving
----------------------------------------------------------------------------------------------------
Sun Aug  1 12:23:35 2021
https://images.unsplash.com/photo-1536237717235-0acadb345d8c?crop=entropy&cs=srgb&fm=jpg&ixid=MnwyNTA0NjV8MHwxfGFsbHx8fHx8fHx8fDE2Mjc4MTcwMTU&ixlib=rb-1.2.1&q=85

LhVJaRPweJc
Canon
1/4000
3.5
24.0
400

Done Saving
----------------------------------------------------------------------------------------------------
Sun Aug  1 12:25:12 2021
https://images.unsplash.com/photo-1587801120763-340185f38728?crop=entropy&cs=srgb&fm=jpg&ixid=MnwyNTA0NjV8MHwxfGFsbHx8fHx8fHx8fDE2Mjc4MTcxMTI&ixlib=rb-1.2.1&q=85

kWrt8bP27Qw
Canon
1/1000
2.8
50.0
100

Done Saving
----------------------------------------------------------------------------------------------------
Sun Aug  1 12:25:41 2021
https://images.unsplash.com/photo-1588323158582-b3f6ed8c9885?crop=entropy&cs=srgb&fm=jpg&ixid=MnwyNTA0NjV8MHwxfGFsbHx8fHx8fHx8fDE2Mjc4MTU3NTU&ixlib=rb-1.2.1&q=85

K8ZP0axOaBU
FC2103
1/1504
2.8
4.5
100

Done Saving
----------------------------------------------------------------------------------------------------
Sun Aug  1 12:26:24 2021
https://images.unsplash.com/photo-1626618624700-1f881e60c441?crop=entropy&cs=srgb&fm=jpg&ixid=MnwyNTA0NjV8MHwxfGFsbHx8fHx8fHx8fDE2Mjc4MTY4MTA&ixlib=rb-1.2.1&q=85

LdiHHdBDaig

Done Saving
----------------------------------------------------------------------------------------------------
Sun Aug  1 12:26:30 2021
https://images.unsplash.com/photo-1560157368-946d9c8f7cb6?crop=entropy&cs=srgb&fm=jpg&ixid=MnwyNTA0NjV8MHwxfGFsbHx8fHx8fHx8fDE2Mjc4MTY5ODk&ixlib=rb-1.2.1&q=85

I74RH4XeHlA

Done Saving
----------------------------------------------------------------------------------------------------
Sun Aug  1 12:26:38 2021
https://images.unsplash.com/photo-1627232091297-1f45f51376e4?crop=entropy&cs=srgb&fm=jpg&ixid=MnwyNTA0NjV8MHwxfGFsbHx8fHx8fHx8fDE2Mjc4MTcxOTg&ixlib=rb-1.2.1&q=85

gg3UWRI7dYU
Canon
Canon EOS 6D
1/80
6.3
40.0
100

Done Saving
----------------------------------------------------------------------------------------------------
Sun Aug  1 12:28:49 2021
https://images.unsplash.com/photo-1619589036708-19f079d065ee?crop=entropy&cs=srgb&fm=jpg&ixid=MnwyNTA0NjV8MHwxfGFsbHx8fHx8fHx8fDE2Mjc4MTczMjk&ixlib=rb-1.2.1&q=85

IX4AeXQKgws
SONY
ILCE-6000
1/400
6.3
210.0
250

Done Saving
----------------------------------------------------------------------------------------------------
Sun Aug  1 13:00:02 2021
https://images.unsplash.com/photo-1536237717235-0acadb345d8c?crop=entropy&cs=srgb&fm=jpg&ixid=MnwyNTA0NjV8MHwxfGFsbHx8fHx8fHx8fDE2Mjc4MTcwMTU&ixlib=rb-1.2.1&q=85

LhVJaRPweJc
Canon
Canon EOS REBEL T1i
1/4000
3.5
24.0
400

Done Saving
----------------------------------------------------------------------------------------------------
Sun Aug  1 13:14:37 2021
https://images.unsplash.com/photo-1619589036708-19f079d065ee?crop=entropy&cs=srgb&fm=jpg&ixid=MnwyNTA0NjV8MHwxfGFsbHx8fHx8fHx8fDE2Mjc4MTczMjk&ixlib=rb-1.2.1&q=85

IX4AeXQKgws
SONY
ILCE-6000
1/400
6.3
210.0
250

Done Saving
----------------------------------------------------------------------------------------------------
Sun Aug  1 13:51:53 2021
https://images.unsplash.com/photo-1621167832294-97b94e5dbb37?crop=entropy&cs=srgb&fm=jpg&ixid=MnwyNTA0NjV8MHwxfGFsbHx8fHx8fHx8fDE2Mjc4MjIzMTM&ixlib=rb-1.2.1&q=85

zAVqYdheutM
FUJIFILM
X-T3
1/350
4.0
23.0
80

Done Saving
----------------------------------------------------------------------------------------------------
Sun Aug  1 14:00:01 2021
https://images.unsplash.com/photo-1588323158582-b3f6ed8c9885?crop=entropy&cs=srgb&fm=jpg&ixid=MnwyNTA0NjV8MHwxfGFsbHx8fHx8fHx8fDE2Mjc4MjI4MDE&ixlib=rb-1.2.1&q=85

K8ZP0axOaBU
DJI
FC2103
1/1504
2.8
4.5
100

Done Saving
----------------------------------------------------------------------------------------------------
Sun Aug  1 14:58:39 2021
https://images.unsplash.com/photo-1618742727531-cade873539cd?crop=entropy&cs=srgb&fm=jpg&ixid=MnwyNTA0NjV8MHwxfGFsbHx8fHx8fHx8fDE2Mjc4MjYzMTg&ixlib=rb-1.2.1&q=85
Melbourne VIC, Australia
-37.813628, 144.963058

b1z-VG_jY64
NIKON CORPORATION
NIKON D3400
10
14
18.0
100

Done Saving
----------------------------------------------------------------------------------------------------
Sun Aug  1 15:00:01 2021
https://images.unsplash.com/photo-1626897545318-685b73b1869e?crop=entropy&cs=srgb&fm=jpg&ixid=MnwyNTA0NjV8MHwxfGFsbHx8fHx8fHx8fDE2Mjc4MjY0MDE&ixlib=rb-1.2.1&q=85
Kazbegi, Georgia
42.694722, 44.511198

SvXmOZ0cFSw
PENTAX
PENTAX K-r
1/50
2.8
50.0
1000

Done Saving
----------------------------------------------------------------------------------------------------
Sun Aug  1 15:29:29 2021
https://images.unsplash.com/photo-1627156863760-f49b81d8ab77?crop=entropy&cs=srgb&fm=jpg&ixid=MnwyNTA0NjV8MHwxfGFsbHx8fHx8fHx8fDE2Mjc4MjgxNjk&ixlib=rb-1.2.1&q=85
Venice, Benátky, Taliansko
Benátky
45.440847, 12.315515

MDZAbQApcKY
DJI
FC3411
1/800
2.8
8.4
100

Done Saving
----------------------------------------------------------------------------------------------------
Sun Aug  1 15:34:50 2021
https://images.unsplash.com/photo-1627232091297-1f45f51376e4?crop=entropy&cs=srgb&fm=jpg&ixid=MnwyNTA0NjV8MHwxfGFsbHx8fHx8fHx8fDE2Mjc4Mjg0OTA&ixlib=rb-1.2.1&q=85
Tatry
49.155698, 20.0443

gg3UWRI7dYU
Canon EOS 6D
1/80
f/6.3
40.0mm
100 ISO

Done Saving
----------------------------------------------------------------------------------------------------
Sun Aug  1 15:48:36 2021
https://images.unsplash.com/photo-1626897545318-685b73b1869e?crop=entropy&cs=srgb&fm=jpg&ixid=MnwyNTA0NjV8MHwxfGFsbHx8fHx8fHx8fDE2Mjc4MjY0MDE&ixlib=rb-1.2.1&q=85
Kazbegi, Georgia
42.694722, 44.511198

SvXmOZ0cFSw
PENTAX K-r
1/50
f/2.8
50.0mm
1000 ISO


----------------------------------------------------------------------------------------------------
Sun Aug  1 15:49:22 2021
https://images.unsplash.com/photo-1627136830599-33c3894d46ac?crop=entropy&cs=srgb&fm=jpg&ixid=MnwyNTA0NjV8MHwxfGFsbHx8fHx8fHx8fDE2Mjc4MjkzNjE&ixlib=rb-1.2.1&q=85

aEkkE4HcTR0


----------------------------------------------------------------------------------------------------
Sun Aug  1 15:51:04 2021
https://images.unsplash.com/photo-1517902156615-e504a9546c5b?crop=entropy&cs=srgb&fm=jpg&ixid=MnwyNTA0NjV8MHwxfGFsbHx8fHx8fHx8fDE2Mjc4Mjk0NjQ&ixlib=rb-1.2.1&q=85
Japanese Tea Garden, San Francisco, United States
San Francisco
37.7700914, -122.470436

4QAWV8E6QYg

Done Saving
----------------------------------------------------------------------------------------------------
Sun Aug  1 15:51:15 2021
https://images.unsplash.com/photo-1517902156615-e504a9546c5b?crop=entropy&cs=srgb&fm=jpg&ixid=MnwyNTA0NjV8MHwxfGFsbHx8fHx8fHx8fDE2Mjc4Mjk0NjQ&ixlib=rb-1.2.1&q=85
Japanese Tea Garden, San Francisco, United States
San Francisco
37.7700914, -122.470436

4QAWV8E6QYg

Done Saving
----------------------------------------------------------------------------------------------------
Sun Aug  1 15:51:32 2021
https://images.unsplash.com/photo-1627136830599-33c3894d46ac?crop=entropy&cs=srgb&fm=jpg&ixid=MnwyNTA0NjV8MHwxfGFsbHx8fHx8fHx8fDE2Mjc4MjkzNjE&ixlib=rb-1.2.1&q=85

aEkkE4HcTR0

Done Saving
----------------------------------------------------------------------------------------------------
Sun Aug  1 15:51:46 2021
https://images.unsplash.com/photo-1545256633-9d719bec17c6?crop=entropy&cs=srgb&fm=jpg&ixid=MnwyNTA0NjV8MHwxfGFsbHx8fHx8fHx8fDE2Mjc4Mjk1MDY&ixlib=rb-1.2.1&q=85
Piazza Gae Aulenti, 8, 20124 Milano MI, Italy, Milano
Milano
45.48349722, 9.19065833

kFoh7gacj_0
Apple
iPhone 6s
1/469
f/2.2
4.2mm
25 ISO

Done Saving
----------------------------------------------------------------------------------------------------
Sun Aug  1 15:52:42 2021
https://images.unsplash.com/photo-1496559346440-a8e13f897fe6?crop=entropy&cs=srgb&fm=jpg&ixid=MnwyNTA0NjV8MHwxfGFsbHx8fHx8fHx8fDE2Mjc4Mjk1NjI&ixlib=rb-1.2.1&q=85
Glacier Point, Yosemite Valley, United States
Yosemite Valley
37.7304239, -119.5736499

oSMYeEq6YPo
FUJIFILM
X-T1
1/750
f/1.2
56.0mm
400 ISO

Done Saving
----------------------------------------------------------------------------------------------------
Sun Aug  1 15:53:08 2021
https://images.unsplash.com/photo-1524722296347-8f15fbd74c63?crop=entropy&cs=srgb&fm=jpg&ixid=MnwyNTA0NjV8MHwxfGFsbHx8fHx8fHx8fDE2Mjc4Mjk1ODg&ixlib=rb-1.2.1&q=85

p_0tDp9zAeI

Done Saving
----------------------------------------------------------------------------------------------------
Sun Aug  1 15:53:11 2021
https://images.unsplash.com/photo-1627136830599-33c3894d46ac?crop=entropy&cs=srgb&fm=jpg&ixid=MnwyNTA0NjV8MHwxfGFsbHx8fHx8fHx8fDE2Mjc4MjkzNjE&ixlib=rb-1.2.1&q=85

aEkkE4HcTR0

Done Saving
----------------------------------------------------------------------------------------------------
Sun Aug  1 15:53:14 2021
https://images.unsplash.com/photo-1583515778304-cf6d99c879b3?crop=entropy&cs=srgb&fm=jpg&ixid=MnwyNTA0NjV8MHwxfGFsbHx8fHx8fHx8fDE2Mjc4Mjk1OTQ&ixlib=rb-1.2.1&q=85
The Great Pyramid of Giza, الهرم، نزلة السمان، الظهير الصحراوى لمحافظة الجيزة، مصر
29.979235, 31.134202

vVmbSvBtOPM

Done Saving
----------------------------------------------------------------------------------------------------
Sun Aug  1 15:53:23 2021
https://images.unsplash.com/photo-1627156863760-f49b81d8ab77?crop=entropy&cs=srgb&fm=jpg&ixid=MnwyNTA0NjV8MHwxfGFsbHx8fHx8fHx8fDE2Mjc4MjgxNjk&ixlib=rb-1.2.1&q=85
Venice, Benátky, Taliansko
Benátky
45.440847, 12.315515

MDZAbQApcKY
DJI
FC3411
1/800
f/2.8
8.4mm
100 ISO

Done Saving
----------------------------------------------------------------------------------------------------
Sun Aug  1 15:54:08 2021
https://images.unsplash.com/photo-1627232259764-0bc901e4190e?crop=entropy&cs=srgb&fm=jpg&ixid=MnwyNTA0NjV8MHwxfGFsbHx8fHx8fHx8fDE2Mjc4Mjk2NDc&ixlib=rb-1.2.1&q=85
London, UK
London
51.507351, -0.127758

12OyvLbMNW0
Canon EOS 250D
1/320
f/11.0
283.0mm
100 ISO

Done Saving
----------------------------------------------------------------------------------------------------
Sun Aug  1 15:54:16 2021
https://images.unsplash.com/photo-1620966528923-fd41bcde8bc4?crop=entropy&cs=srgb&fm=jpg&ixid=MnwyNTA0NjV8MHwxfGFsbHx8fHx8fHx8fDE2Mjc4Mjk2NTY&ixlib=rb-1.2.1&q=85
Nile, Luxor
23.97276, 32.874921

ijBYG2dgOho

Done Saving
----------------------------------------------------------------------------------------------------
Sun Aug  1 15:54:26 2021
https://images.unsplash.com/photo-1626897545318-685b73b1869e?crop=entropy&cs=srgb&fm=jpg&ixid=MnwyNTA0NjV8MHwxfGFsbHx8fHx8fHx8fDE2Mjc4MjY0MDE&ixlib=rb-1.2.1&q=85
Kazbegi, Georgia
42.694722, 44.511198

SvXmOZ0cFSw
PENTAX K-r
1/50
f/2.8
50.0mm
1000 ISO

Done Saving
----------------------------------------------------------------------------------------------------
Sun Aug  1 15:54:42 2021
https://images.unsplash.com/photo-1618742727531-cade873539cd?crop=entropy&cs=srgb&fm=jpg&ixid=MnwyNTA0NjV8MHwxfGFsbHx8fHx8fHx8fDE2Mjc4MjYzMTg&ixlib=rb-1.2.1&q=85
Melbourne VIC, Australia
-37.813628, 144.963058

b1z-VG_jY64
NIKON CORPORATION
NIKON D3400
10
f/14
18.0mm
100 ISO

Done Saving
----------------------------------------------------------------------------------------------------
Sun Aug  1 15:54:51 2021
https://images.unsplash.com/photo-1583515778304-cf6d99c879b3?crop=entropy&cs=srgb&fm=jpg&ixid=MnwyNTA0NjV8MHwxfGFsbHx8fHx8fHx8fDE2Mjc4Mjk1OTQ&ixlib=rb-1.2.1&q=85
The Great Pyramid of Giza, الهرم، نزلة السمان، الظهير الصحراوى لمحافظة الجيزة، مصر
29.979235, 31.134202

vVmbSvBtOPM

Done Saving
----------------------------------------------------------------------------------------------------
Sun Aug  1 15:54:54 2021
https://images.unsplash.com/photo-1434908693837-9a456bd25134?crop=entropy&cs=srgb&fm=jpg&ixid=MnwyNTA0NjV8MHwxfGFsbHx8fHx8fHx8fDE2Mjc4Mjk2OTQ&ixlib=rb-1.2.1&q=85
Secluded Mountain Vacation, Hvar, Croatia
Hvar

WS8UKXSHJaE
NIKON CORPORATION
NIKON D3100

Done Saving
----------------------------------------------------------------------------------------------------
Sun Aug  1 15:56:10 2021
https://images.unsplash.com/photo-1587801120763-340185f38728?crop=entropy&cs=srgb&fm=jpg&ixid=MnwyNTA0NjV8MHwxfGFsbHx8fHx8fHx8fDE2Mjc4Mjk3Njk&ixlib=rb-1.2.1&q=85
Cappadocia, Turkey
38.353495, 35.091116

kWrt8bP27Qw
Canon EOS 5D Mark III
1/1000
f/2.8
50.0mm
100 ISO

Done Saving
----------------------------------------------------------------------------------------------------
Sun Aug  1 15:56:25 2021
https://images.unsplash.com/photo-1587801120763-340185f38728?crop=entropy&cs=srgb&fm=jpg&ixid=MnwyNTA0NjV8MHwxfGFsbHx8fHx8fHx8fDE2Mjc4Mjk3Njk&ixlib=rb-1.2.1&q=85
Cappadocia, Turkey
38.353495, 35.091116

kWrt8bP27Qw
Canon EOS 5D Mark III
1/1000
f/2.8
50.0mm
100 ISO

Done Saving
----------------------------------------------------------------------------------------------------
Sun Aug  1 15:57:00 2021
https://images.unsplash.com/photo-1627308072562-dfd4c67e28a4?crop=entropy&cs=srgb&fm=jpg&ixid=MnwyNTA0NjV8MHwxfGFsbHx8fHx8fHx8fDE2Mjc4Mjk4MjA&ixlib=rb-1.2.1&q=85
Quarteira Beach, Portugal
37.061109, -8.088468

MsWYitamL_M
NIKON CORPORATION
NIKON D200
1/350
f/10.0
70.0mm
400 ISO

Done Saving
----------------------------------------------------------------------------------------------------
Sun Aug  1 15:57:06 2021
https://images.unsplash.com/photo-1619589036708-19f079d065ee?crop=entropy&cs=srgb&fm=jpg&ixid=MnwyNTA0NjV8MHwxfGFsbHx8fHx8fHx8fDE2Mjc4Mjk4MjY&ixlib=rb-1.2.1&q=85
California, USA
36.778261, -119.417932

IX4AeXQKgws
SONY
ILCE-6000
1/400
f/6.3
210.0mm
250 ISO

Done Saving
----------------------------------------------------------------------------------------------------
Sun Aug  1 16:00:01 2021
https://images.unsplash.com/photo-1626635565294-727fc173f10f?crop=entropy&cs=srgb&fm=jpg&ixid=MnwyNTA0NjV8MHwxfGFsbHx8fHx8fHx8fDE2Mjc4MzAwMDE&ixlib=rb-1.2.1&q=85
Patan, Gujarat, India
Patan
23.850016, 72.121027

DGtkXTRZJlI
motorola
Moto C Plus
1/1150
f/2.2
3.5mm
87 ISO

Done Saving
----------------------------------------------------------------------------------------------------
Sun Aug  1 16:01:04 2021
https://images.unsplash.com/photo-1524722296347-8f15fbd74c63?crop=entropy&cs=srgb&fm=jpg&ixid=MnwyNTA0NjV8MHwxfGFsbHx8fHx8fHx8fDE2Mjc4Mjk1ODg&ixlib=rb-1.2.1&q=85

p_0tDp9zAeI

Done Saving
----------------------------------------------------------------------------------------------------
Sun Aug  1 16:01:06 2021
https://images.unsplash.com/photo-1619589036708-19f079d065ee?crop=entropy&cs=srgb&fm=jpg&ixid=MnwyNTA0NjV8MHwxfGFsbHx8fHx8fHx8fDE2Mjc4Mjk4MjY&ixlib=rb-1.2.1&q=85
California, USA
36.778261, -119.417932

IX4AeXQKgws
SONY
ILCE-6000
1/400
f/6.3
210.0mm
250 ISO

Done Saving
----------------------------------------------------------------------------------------------------
Sun Aug  1 16:01:46 2021
https://images.unsplash.com/photo-1626193150125-1d7cde4728a6?crop=entropy&cs=srgb&fm=jpg&ixid=MnwyNTA0NjV8MHwxfGFsbHx8fHx8fHx8fDE2Mjc4MzAxMDY&ixlib=rb-1.2.1&q=85

kCxFjmIu_rA

Done Saving
----------------------------------------------------------------------------------------------------
Sun Aug  1 16:01:49 2021
https://images.unsplash.com/photo-1619549801312-f24d5602516d?crop=entropy&cs=srgb&fm=jpg&ixid=MnwyNTA0NjV8MHwxfGFsbHx8fHx8fHx8fDE2Mjc4MzAxMDk&ixlib=rb-1.2.1&q=85
Seattle, WA, USA
Seattle
47.60621, -122.332071

K-Um0OBfbuc
SONY
ILCE-6300
13
f/10.0
50.0mm
400 ISO

Done Saving
----------------------------------------------------------------------------------------------------
Sun Aug  1 16:02:21 2021
https://images.unsplash.com/photo-1434908693837-9a456bd25134?crop=entropy&cs=srgb&fm=jpg&ixid=MnwyNTA0NjV8MHwxfGFsbHx8fHx8fHx8fDE2Mjc4Mjk2OTQ&ixlib=rb-1.2.1&q=85
Secluded Mountain Vacation, Hvar, Croatia
Hvar

WS8UKXSHJaE
NIKON CORPORATION
NIKON D3100

Done Saving
----------------------------------------------------------------------------------------------------
Sun Aug  1 16:02:35 2021
https://images.unsplash.com/photo-1627232091297-1f45f51376e4?crop=entropy&cs=srgb&fm=jpg&ixid=MnwyNTA0NjV8MHwxfGFsbHx8fHx8fHx8fDE2Mjc4Mjg0OTA&ixlib=rb-1.2.1&q=85
Tatry
49.155698, 20.0443

gg3UWRI7dYU
Canon EOS 6D
1/80
f/6.3
40.0mm
100 ISO

Done Saving
----------------------------------------------------------------------------------------------------
Sun Aug  1 16:02:47 2021
https://images.unsplash.com/photo-1626897545318-685b73b1869e?crop=entropy&cs=srgb&fm=jpg&ixid=MnwyNTA0NjV8MHwxfGFsbHx8fHx8fHx8fDE2Mjc4MzAxNjc&ixlib=rb-1.2.1&q=85
Kazbegi, Georgia
42.694722, 44.511198

SvXmOZ0cFSw
PENTAX K-r
1/50
f/2.8
50.0mm
1000 ISO

Done Saving
----------------------------------------------------------------------------------------------------
Sun Aug  1 16:03:01 2021
https://images.unsplash.com/photo-1560157368-946d9c8f7cb6?crop=entropy&cs=srgb&fm=jpg&ixid=MnwyNTA0NjV8MHwxfGFsbHx8fHx8fHx8fDE2Mjc4MzAxODA&ixlib=rb-1.2.1&q=85

I74RH4XeHlA

Done Saving
----------------------------------------------------------------------------------------------------
Sun Aug  1 16:03:12 2021
https://images.unsplash.com/photo-1583515778304-cf6d99c879b3?crop=entropy&cs=srgb&fm=jpg&ixid=MnwyNTA0NjV8MHwxfGFsbHx8fHx8fHx8fDE2Mjc4Mjk1OTQ&ixlib=rb-1.2.1&q=85
The Great Pyramid of Giza, الهرم، نزلة السمان، الظهير الصحراوى لمحافظة الجيزة، مصر
29.979235, 31.134202

vVmbSvBtOPM

Done Saving
----------------------------------------------------------------------------------------------------
Sun Aug  1 16:03:34 2021
https://images.unsplash.com/photo-1524722296347-8f15fbd74c63?crop=entropy&cs=srgb&fm=jpg&ixid=MnwyNTA0NjV8MHwxfGFsbHx8fHx8fHx8fDE2Mjc4Mjk1ODg&ixlib=rb-1.2.1&q=85

p_0tDp9zAeI

Done Saving
----------------------------------------------------------------------------------------------------
Sun Aug  1 16:03:41 2021
https://images.unsplash.com/photo-1620768237794-f3bfe964f9f6?crop=entropy&cs=srgb&fm=jpg&ixid=MnwyNTA0NjV8MHwxfGFsbHx8fHx8fHx8fDE2Mjc4MzAyMjE&ixlib=rb-1.2.1&q=85
Machu Picchu Pueblo, Peru
Aguas Calientes
-13.154706, -72.525441

KOICsAuhoc4
Google
Pixel
1/120
f/2.0
4.7mm
76 ISO

Done Saving
----------------------------------------------------------------------------------------------------
Sun Aug  1 16:03:55 2021
https://images.unsplash.com/photo-1622084950323-181f5555aaaf?crop=entropy&cs=srgb&fm=jpg&ixid=MnwyNTA0NjV8MHwxfGFsbHx8fHx8fHx8fDE2Mjc4MzAyMzU&ixlib=rb-1.2.1&q=85
Zermatt, 瑞士
策馬特
46.020713, 7.749117

gJ-HpX4hbA4
FUJIFILM
X-T2
1/1600
f/4.5
55.0mm
200 ISO

Done Saving
----------------------------------------------------------------------------------------------------
Sun Aug  1 16:04:33 2021
https://images.unsplash.com/photo-1627136830599-33c3894d46ac?crop=entropy&cs=srgb&fm=jpg&ixid=MnwyNTA0NjV8MHwxfGFsbHx8fHx8fHx8fDE2Mjc4MjkzNjE&ixlib=rb-1.2.1&q=85

aEkkE4HcTR0


----------------------------------------------------------------------------------------------------
Sun Aug  1 16:07:00 2021
https://images.unsplash.com/photo-1626618624700-1f881e60c441?crop=entropy&cs=srgb&fm=jpg&ixid=MnwyNTA0NjV8MHwxfGFsbHx8fHx8fHx8fDE2Mjc4MzA0MTk&ixlib=rb-1.2.1&q=85

LdiHHdBDaig

Done Saving
----------------------------------------------------------------------------------------------------
Sun Aug  1 16:07:06 2021
https://images.unsplash.com/photo-1560157368-946d9c8f7cb6?crop=entropy&cs=srgb&fm=jpg&ixid=MnwyNTA0NjV8MHwxfGFsbHx8fHx8fHx8fDE2Mjc4MzAxODA&ixlib=rb-1.2.1&q=85

I74RH4XeHlA

Done Saving
----------------------------------------------------------------------------------------------------
Sun Aug  1 16:07:09 2021
https://images.unsplash.com/photo-1627156863760-f49b81d8ab77?crop=entropy&cs=srgb&fm=jpg&ixid=MnwyNTA0NjV8MHwxfGFsbHx8fHx8fHx8fDE2Mjc4MjgxNjk&ixlib=rb-1.2.1&q=85
Venice, Benátky, Taliansko
Benátky
45.440847, 12.315515

MDZAbQApcKY
DJI
FC3411
1/800
f/2.8
8.4mm
100 ISO

Done Saving
----------------------------------------------------------------------------------------------------
Sun Aug  1 16:07:17 2021
https://images.unsplash.com/photo-1620768237794-f3bfe964f9f6?crop=entropy&cs=srgb&fm=jpg&ixid=MnwyNTA0NjV8MHwxfGFsbHx8fHx8fHx8fDE2Mjc4MzAyMjE&ixlib=rb-1.2.1&q=85
Machu Picchu Pueblo, Peru
Aguas Calientes
-13.154706, -72.525441

KOICsAuhoc4
Google
Pixel
1/120
f/2.0
4.7mm
76 ISO

Done Saving
----------------------------------------------------------------------------------------------------
Sun Aug  1 16:07:22 2021
https://images.unsplash.com/photo-1627478120842-46459b0ac31c?crop=entropy&cs=srgb&fm=jpg&ixid=MnwyNTA0NjV8MHwxfGFsbHx8fHx8fHx8fDE2Mjc4MzA0NDI&ixlib=rb-1.2.1&q=85
Athens, Greece
Athens
37.98381, 23.727539

XemuGWtd01I
NIKON CORPORATION
NIKON D3200
1/500
f/13
55.0mm
200 ISO

Done Saving
----------------------------------------------------------------------------------------------------
Sun Aug  1 16:07:30 2021
https://images.unsplash.com/photo-1626897545318-685b73b1869e?crop=entropy&cs=srgb&fm=jpg&ixid=MnwyNTA0NjV8MHwxfGFsbHx8fHx8fHx8fDE2Mjc4MzAxNjc&ixlib=rb-1.2.1&q=85
Kazbegi, Georgia
42.694722, 44.511198

SvXmOZ0cFSw
PENTAX K-r
1/50
f/2.8
50.0mm
1000 ISO

Done Saving
----------------------------------------------------------------------------------------------------
Sun Aug  1 16:07:33 2021
https://images.unsplash.com/photo-1560157368-946d9c8f7cb6?crop=entropy&cs=srgb&fm=jpg&ixid=MnwyNTA0NjV8MHwxfGFsbHx8fHx8fHx8fDE2Mjc4MzAxODA&ixlib=rb-1.2.1&q=85

I74RH4XeHlA

Done Saving
----------------------------------------------------------------------------------------------------
Sun Aug  1 16:07:37 2021
https://images.unsplash.com/photo-1619549801312-f24d5602516d?crop=entropy&cs=srgb&fm=jpg&ixid=MnwyNTA0NjV8MHwxfGFsbHx8fHx8fHx8fDE2Mjc4MzAxMDk&ixlib=rb-1.2.1&q=85
Seattle, WA, USA
Seattle
47.60621, -122.332071

K-Um0OBfbuc
SONY
ILCE-6300
13
f/10.0
50.0mm
400 ISO

Done Saving
----------------------------------------------------------------------------------------------------
Sun Aug  1 16:08:43 2021
https://images.unsplash.com/photo-1560157368-946d9c8f7cb6?crop=entropy&cs=srgb&fm=jpg&ixid=MnwyNTA0NjV8MHwxfGFsbHx8fHx8fHx8fDE2Mjc4MzAxODA&ixlib=rb-1.2.1&q=85

I74RH4XeHlA


----------------------------------------------------------------------------------------------------
Sun Aug  1 16:09:01 2021
https://images.unsplash.com/photo-1583248663157-44fa76158e2a?crop=entropy&cs=srgb&fm=jpg&ixid=MnwyNTA0NjV8MHwxfGFsbHx8fHx8fHx8fDE2Mjc4MzA1NDE&ixlib=rb-1.2.1&q=85
Kuala Lumpur, ولاية كوالالمبور الاتحادية، ماليزيا
كوالالمبور
3.139003, 101.686855

cK_fX07OeXI
Canon EOS 5D Mark II
1/250
f/7.1
50.0mm
100 ISO

Done Saving
----------------------------------------------------------------------------------------------------
Sun Aug  1 16:09:20 2021
https://images.unsplash.com/photo-1620966528923-fd41bcde8bc4?crop=entropy&cs=srgb&fm=jpg&ixid=MnwyNTA0NjV8MHwxfGFsbHx8fHx8fHx8fDE2Mjc4Mjk2NTY&ixlib=rb-1.2.1&q=85
Nile, Luxor
23.97276, 32.874921

ijBYG2dgOho

Done Saving
----------------------------------------------------------------------------------------------------
Sun Aug  1 16:09:26 2021
https://images.unsplash.com/photo-1627308072562-dfd4c67e28a4?crop=entropy&cs=srgb&fm=jpg&ixid=MnwyNTA0NjV8MHwxfGFsbHx8fHx8fHx8fDE2Mjc4Mjk4MjA&ixlib=rb-1.2.1&q=85
Quarteira Beach, Portugal
37.061109, -8.088468

MsWYitamL_M
NIKON CORPORATION
NIKON D200
1/350
f/10.0
70.0mm
400 ISO

Done Saving
----------------------------------------------------------------------------------------------------
Sun Aug  1 16:09:37 2021
https://images.unsplash.com/photo-1627232091297-1f45f51376e4?crop=entropy&cs=srgb&fm=jpg&ixid=MnwyNTA0NjV8MHwxfGFsbHx8fHx8fHx8fDE2Mjc4Mjg0OTA&ixlib=rb-1.2.1&q=85
Tatry
49.155698, 20.0443

gg3UWRI7dYU
Canon EOS 6D
1/80
f/6.3
40.0mm
100 ISO

Done Saving
----------------------------------------------------------------------------------------------------
Sun Aug  1 16:09:45 2021
https://images.unsplash.com/photo-1545256633-9d719bec17c6?crop=entropy&cs=srgb&fm=jpg&ixid=MnwyNTA0NjV8MHwxfGFsbHx8fHx8fHx8fDE2Mjc4Mjk1MDY&ixlib=rb-1.2.1&q=85
Piazza Gae Aulenti, 8, 20124 Milano MI, Italy, Milano
Milano
45.48349722, 9.19065833

kFoh7gacj_0
Apple
iPhone 6s
1/469
f/2.2
4.2mm
25 ISO

Done Saving
----------------------------------------------------------------------------------------------------
Sun Aug  1 16:09:49 2021
https://images.unsplash.com/photo-1583515778304-cf6d99c879b3?crop=entropy&cs=srgb&fm=jpg&ixid=MnwyNTA0NjV8MHwxfGFsbHx8fHx8fHx8fDE2Mjc4Mjk1OTQ&ixlib=rb-1.2.1&q=85
The Great Pyramid of Giza, الهرم، نزلة السمان، الظهير الصحراوى لمحافظة الجيزة، مصر
29.979235, 31.134202

vVmbSvBtOPM

Done Saving
----------------------------------------------------------------------------------------------------
Sun Aug  1 16:09:53 2021
https://images.unsplash.com/photo-1620966528923-fd41bcde8bc4?crop=entropy&cs=srgb&fm=jpg&ixid=MnwyNTA0NjV8MHwxfGFsbHx8fHx8fHx8fDE2Mjc4Mjk2NTY&ixlib=rb-1.2.1&q=85
Nile, Luxor
23.97276, 32.874921

ijBYG2dgOho

Done Saving
----------------------------------------------------------------------------------------------------
Sun Aug  1 16:09:57 2021
https://images.unsplash.com/photo-1434908693837-9a456bd25134?crop=entropy&cs=srgb&fm=jpg&ixid=MnwyNTA0NjV8MHwxfGFsbHx8fHx8fHx8fDE2Mjc4Mjk2OTQ&ixlib=rb-1.2.1&q=85
Secluded Mountain Vacation, Hvar, Croatia
Hvar

WS8UKXSHJaE
NIKON CORPORATION
NIKON D3100

Done Saving
----------------------------------------------------------------------------------------------------
Sun Aug  1 16:10:03 2021
https://images.unsplash.com/photo-1583515778304-cf6d99c879b3?crop=entropy&cs=srgb&fm=jpg&ixid=MnwyNTA0NjV8MHwxfGFsbHx8fHx8fHx8fDE2Mjc4Mjk1OTQ&ixlib=rb-1.2.1&q=85
The Great Pyramid of Giza, الهرم، نزلة السمان، الظهير الصحراوى لمحافظة الجيزة، مصر
29.979235, 31.134202

vVmbSvBtOPM

Done Saving
----------------------------------------------------------------------------------------------------
Sun Aug  1 16:10:06 2021
https://images.unsplash.com/photo-1536237717235-0acadb345d8c?crop=entropy&cs=srgb&fm=jpg&ixid=MnwyNTA0NjV8MHwxfGFsbHx8fHx8fHx8fDE2Mjc4MzA2MDY&ixlib=rb-1.2.1&q=85
Aït Benhaddou, Morocco
Aït Benhaddou
31.047043, -7.1318996

LhVJaRPweJc
Canon EOS REBEL T1i
1/4000
f/3.5
24.0mm
400 ISO

Done Saving
----------------------------------------------------------------------------------------------------
Sun Aug  1 16:14:47 2021
https://images.unsplash.com/photo-1626193150125-1d7cde4728a6?crop=entropy&cs=srgb&fm=jpg&ixid=MnwyNTA0NjV8MHwxfGFsbHx8fHx8fHx8fDE2Mjc4MzAxMDY&ixlib=rb-1.2.1&q=85

kCxFjmIu_rA


----------------------------------------------------------------------------------------------------
Sun Aug  1 16:14:59 2021
https://images.unsplash.com/photo-1618742727531-cade873539cd?crop=entropy&cs=srgb&fm=jpg&ixid=MnwyNTA0NjV8MHwxfGFsbHx8fHx8fHx8fDE2Mjc4MzA4OTk&ixlib=rb-1.2.1&q=85
Melbourne VIC, Australia
-37.813628, 144.963058

b1z-VG_jY64
NIKON CORPORATION
NIKON D3400
10
f/14
18.0mm
100 ISO


----------------------------------------------------------------------------------------------------
Sun Aug  1 16:15:11 2021
https://images.unsplash.com/photo-1626897545318-685b73b1869e?crop=entropy&cs=srgb&fm=jpg&ixid=MnwyNTA0NjV8MHwxfGFsbHx8fHx8fHx8fDE2Mjc4MzAxNjc&ixlib=rb-1.2.1&q=85
Kazbegi, Georgia
42.694722, 44.511198

SvXmOZ0cFSw
PENTAX K-r
1/50
f/2.8
50.0mm
1000 ISO

Done Saving
----------------------------------------------------------------------------------------------------
Sun Aug  1 16:16:15 2021
https://images.unsplash.com/photo-1620768237794-f3bfe964f9f6?crop=entropy&cs=srgb&fm=jpg&ixid=MnwyNTA0NjV8MHwxfGFsbHx8fHx8fHx8fDE2Mjc4MzAyMjE&ixlib=rb-1.2.1&q=85
Machu Picchu Pueblo, Peru
Aguas Calientes
-13.154706, -72.525441

KOICsAuhoc4
Google
Pixel
1/120
f/2.0
4.7mm
76 ISO

Done Saving
----------------------------------------------------------------------------------------------------
Sun Aug  1 16:16:23 2021
https://images.unsplash.com/photo-1620768237794-f3bfe964f9f6?crop=entropy&cs=srgb&fm=jpg&ixid=MnwyNTA0NjV8MHwxfGFsbHx8fHx8fHx8fDE2Mjc4MzAyMjE&ixlib=rb-1.2.1&q=85
Machu Picchu Pueblo, Peru
Aguas Calientes
-13.154706, -72.525441

KOICsAuhoc4
Google
Pixel
1/120
f/2.0
4.7mm
76 ISO

Done Saving
----------------------------------------------------------------------------------------------------
Sun Aug  1 16:16:26 2021
https://images.unsplash.com/photo-1567167170071-db93479ea045?crop=entropy&cs=srgb&fm=jpg&ixid=MnwyNTA0NjV8MHwxfGFsbHx8fHx8fHx8fDE2Mjc4MzA5ODY&ixlib=rb-1.2.1&q=85
Neuschwanstein Castle, Hohenschwangau, Germany
Hohenschwangau

CzR4gs2OhyM
NIKON CORPORATION
NIKON D3100
1/500
f/3.5
20.0mm
100 ISO

Done Saving
----------------------------------------------------------------------------------------------------
Sun Aug  1 16:16:34 2021
https://images.unsplash.com/photo-1524722296347-8f15fbd74c63?crop=entropy&cs=srgb&fm=jpg&ixid=MnwyNTA0NjV8MHwxfGFsbHx8fHx8fHx8fDE2Mjc4Mjk1ODg&ixlib=rb-1.2.1&q=85

p_0tDp9zAeI

Done Saving
----------------------------------------------------------------------------------------------------
Sun Aug  1 16:16:37 2021
https://images.unsplash.com/photo-1626618624700-1f881e60c441?crop=entropy&cs=srgb&fm=jpg&ixid=MnwyNTA0NjV8MHwxfGFsbHx8fHx8fHx8fDE2Mjc4MzA0MTk&ixlib=rb-1.2.1&q=85

LdiHHdBDaig

Done Saving
----------------------------------------------------------------------------------------------------
Sun Aug  1 16:16:41 2021
https://images.unsplash.com/photo-1627308072562-dfd4c67e28a4?crop=entropy&cs=srgb&fm=jpg&ixid=MnwyNTA0NjV8MHwxfGFsbHx8fHx8fHx8fDE2Mjc4Mjk4MjA&ixlib=rb-1.2.1&q=85
Quarteira Beach, Portugal
37.061109, -8.088468

MsWYitamL_M
NIKON CORPORATION
NIKON D200
1/350
f/10.0
70.0mm
400 ISO

Done Saving
----------------------------------------------------------------------------------------------------
Sun Aug  1 16:16:48 2021
https://images.unsplash.com/photo-1627232091297-1f45f51376e4?crop=entropy&cs=srgb&fm=jpg&ixid=MnwyNTA0NjV8MHwxfGFsbHx8fHx8fHx8fDE2Mjc4Mjg0OTA&ixlib=rb-1.2.1&q=85
Tatry
49.155698, 20.0443

gg3UWRI7dYU
Canon EOS 6D
1/80
f/6.3
40.0mm
100 ISO

Done Saving
----------------------------------------------------------------------------------------------------
Sun Aug  1 16:16:52 2021
https://images.unsplash.com/photo-1627444479551-ea349f763e96?crop=entropy&cs=srgb&fm=jpg&ixid=MnwyNTA0NjV8MHwxfGFsbHx8fHx8fHx8fDE2Mjc4MzEwMTI&ixlib=rb-1.2.1&q=85

dhWuZiFQ8oE

Done Saving
----------------------------------------------------------------------------------------------------
Sun Aug  1 16:40:24 2021
https://images.unsplash.com/photo-1560157368-946d9c8f7cb6?crop=entropy&cs=srgb&fm=jpg&ixid=MnwyNTA0NjV8MHwxfGFsbHx8fHx8fHx8fDE2Mjc4MzAxODA&ixlib=rb-1.2.1&q=85

I74RH4XeHlA

Done Saving
----------------------------------------------------------------------------------------------------
Sun Aug  1 16:40:34 2021
https://images.unsplash.com/photo-1627136830599-33c3894d46ac?crop=entropy&cs=srgb&fm=jpg&ixid=MnwyNTA0NjV8MHwxfGFsbHx8fHx8fHx8fDE2Mjc4MjkzNjE&ixlib=rb-1.2.1&q=85

aEkkE4HcTR0

Done Saving
----------------------------------------------------------------------------------------------------
Sun Aug  1 16:40:37 2021
https://images.unsplash.com/photo-1517902156615-e504a9546c5b?crop=entropy&cs=srgb&fm=jpg&ixid=MnwyNTA0NjV8MHwxfGFsbHx8fHx8fHx8fDE2Mjc4Mjk0NjQ&ixlib=rb-1.2.1&q=85
Japanese Tea Garden, San Francisco, United States
San Francisco
37.7700914, -122.470436

4QAWV8E6QYg

Done Saving
----------------------------------------------------------------------------------------------------
Sun Aug  1 16:40:41 2021
https://images.unsplash.com/photo-1517902156615-e504a9546c5b?crop=entropy&cs=srgb&fm=jpg&ixid=MnwyNTA0NjV8MHwxfGFsbHx8fHx8fHx8fDE2Mjc4Mjk0NjQ&ixlib=rb-1.2.1&q=85
Japanese Tea Garden, San Francisco, United States
San Francisco
37.7700914, -122.470436

4QAWV8E6QYg

Done Saving
----------------------------------------------------------------------------------------------------
Sun Aug  1 16:40:44 2021
https://images.unsplash.com/photo-1567167170071-db93479ea045?crop=entropy&cs=srgb&fm=jpg&ixid=MnwyNTA0NjV8MHwxfGFsbHx8fHx8fHx8fDE2Mjc4MzA5ODY&ixlib=rb-1.2.1&q=85
Neuschwanstein Castle, Hohenschwangau, Germany
Hohenschwangau

CzR4gs2OhyM
NIKON CORPORATION
NIKON D3100
1/500
f/3.5
20.0mm
100 ISO

Done Saving
----------------------------------------------------------------------------------------------------
Sun Aug  1 17:00:01 2021
https://images.unsplash.com/photo-1434908693837-9a456bd25134?crop=entropy&cs=srgb&fm=jpg&ixid=MnwyNTA0NjV8MHwxfGFsbHx8fHx8fHx8fDE2Mjc4MzM2MDE&ixlib=rb-1.2.1&q=85
Secluded Mountain Vacation, Hvar, Croatia
Hvar

WS8UKXSHJaE
NIKON CORPORATION
NIKON D3100

Done Saving
----------------------------------------------------------------------------------------------------
Sun Aug  1 17:43:14 2021
https://images.unsplash.com/photo-1560157368-946d9c8f7cb6?crop=entropy&cs=srgb&fm=jpg&ixid=MnwyNTA0NjV8MHwxfGFsbHx8fHx8fHx8fDE2Mjc4MzYxOTM&ixlib=rb-1.2.1&q=85

I74RH4XeHlA

Done Saving
----------------------------------------------------------------------------------------------------
Sun Aug  1 17:44:39 2021
https://images.unsplash.com/photo-1620966528923-fd41bcde8bc4?crop=entropy&cs=srgb&fm=jpg&ixid=MnwyNTA0NjV8MHwxfGFsbHx8fHx8fHx8fDE2Mjc4MzYyNzk&ixlib=rb-1.2.1&q=85
Nile, Luxor
23.97276, 32.874921

ijBYG2dgOho

Done Saving
----------------------------------------------------------------------------------------------------
Sun Aug  1 17:44:41 2021
https://images.unsplash.com/photo-1619589036708-19f079d065ee?crop=entropy&cs=srgb&fm=jpg&ixid=MnwyNTA0NjV8MHwxfGFsbHx8fHx8fHx8fDE2Mjc4MzYyODE&ixlib=rb-1.2.1&q=85
California, USA
36.778261, -119.417932

IX4AeXQKgws
SONY
ILCE-6000
1/400
f/6.3
210.0mm
250 ISO

Done Saving
----------------------------------------------------------------------------------------------------
Sun Aug  1 17:47:30 2021
https://images.unsplash.com/photo-1621167832294-97b94e5dbb37?crop=entropy&cs=srgb&fm=jpg&ixid=MnwyNTA0NjV8MHwxfGFsbHx8fHx8fHx8fDE2Mjc4MzY0NTA&ixlib=rb-1.2.1&q=85
Raja Ampat, West Papua, Indonesia
-1.032047, 130.505218

zAVqYdheutM
FUJIFILM
X-T3
1/350
f/4.0
23.0mm
80 ISO

Done Saving
----------------------------------------------------------------------------------------------------
Sun Aug  1 17:47:57 2021
https://images.unsplash.com/photo-1583248663157-44fa76158e2a?crop=entropy&cs=srgb&fm=jpg&ixid=MnwyNTA0NjV8MHwxfGFsbHx8fHx8fHx8fDE2Mjc4MzY0Nzc&ixlib=rb-1.2.1&q=85
Kuala Lumpur, ولاية كوالالمبور الاتحادية، ماليزيا
كوالالمبور
3.139003, 101.686855

cK_fX07OeXI
Canon EOS 5D Mark II
1/250
f/7.1
50.0mm
100 ISO

Done Saving
----------------------------------------------------------------------------------------------------
Sun Aug  1 17:48:17 2021
https://images.unsplash.com/photo-1626193150125-1d7cde4728a6?crop=entropy&cs=srgb&fm=jpg&ixid=MnwyNTA0NjV8MHwxfGFsbHx8fHx8fHx8fDE2Mjc4MzY0OTY&ixlib=rb-1.2.1&q=85

kCxFjmIu_rA

Done Saving
----------------------------------------------------------------------------------------------------
Sun Aug  1 17:48:21 2021
https://images.unsplash.com/photo-1545256633-9d719bec17c6?crop=entropy&cs=srgb&fm=jpg&ixid=MnwyNTA0NjV8MHwxfGFsbHx8fHx8fHx8fDE2Mjc4MzY1MDE&ixlib=rb-1.2.1&q=85
Piazza Gae Aulenti, 8, 20124 Milano MI, Italy, Milano
Milano
45.48349722, 9.19065833

kFoh7gacj_0
Apple
iPhone 6s
1/469
f/2.2
4.2mm
25 ISO

Done Saving
----------------------------------------------------------------------------------------------------
Sun Aug  1 17:48:27 2021
https://images.unsplash.com/photo-1560157368-946d9c8f7cb6?crop=entropy&cs=srgb&fm=jpg&ixid=MnwyNTA0NjV8MHwxfGFsbHx8fHx8fHx8fDE2Mjc4MzYxOTM&ixlib=rb-1.2.1&q=85

I74RH4XeHlA

Done Saving
----------------------------------------------------------------------------------------------------
Sun Aug  1 17:48:30 2021
https://images.unsplash.com/photo-1627232091297-1f45f51376e4?crop=entropy&cs=srgb&fm=jpg&ixid=MnwyNTA0NjV8MHwxfGFsbHx8fHx8fHx8fDE2Mjc4MzY1MTA&ixlib=rb-1.2.1&q=85
Tatry
49.155698, 20.0443

gg3UWRI7dYU
Canon EOS 6D
1/80
f/6.3
40.0mm
100 ISO

Done Saving
----------------------------------------------------------------------------------------------------
Sun Aug  1 17:48:56 2021
https://images.unsplash.com/photo-1626897545318-685b73b1869e?crop=entropy&cs=srgb&fm=jpg&ixid=MnwyNTA0NjV8MHwxfGFsbHx8fHx8fHx8fDE2Mjc4MzY1MzY&ixlib=rb-1.2.1&q=85
Kazbegi, Georgia
42.694722, 44.511198

SvXmOZ0cFSw
PENTAX K-r
1/50
f/2.8
50.0mm
1000 ISO

Done Saving
----------------------------------------------------------------------------------------------------
Sun Aug  1 17:49:01 2021
https://images.unsplash.com/photo-1627136830599-33c3894d46ac?crop=entropy&cs=srgb&fm=jpg&ixid=MnwyNTA0NjV8MHwxfGFsbHx8fHx8fHx8fDE2Mjc4MzY1NDE&ixlib=rb-1.2.1&q=85

aEkkE4HcTR0

Done Saving
----------------------------------------------------------------------------------------------------
Sun Aug  1 17:49:04 2021
https://images.unsplash.com/photo-1627478120842-46459b0ac31c?crop=entropy&cs=srgb&fm=jpg&ixid=MnwyNTA0NjV8MHwxfGFsbHx8fHx8fHx8fDE2Mjc4MzY1NDM&ixlib=rb-1.2.1&q=85
Athens, Greece
Athens
37.98381, 23.727539

XemuGWtd01I
NIKON CORPORATION
NIKON D3200
1/500
f/13
55.0mm
200 ISO

Done Saving
----------------------------------------------------------------------------------------------------
Sun Aug  1 17:49:08 2021
https://images.unsplash.com/photo-1627136830599-33c3894d46ac?crop=entropy&cs=srgb&fm=jpg&ixid=MnwyNTA0NjV8MHwxfGFsbHx8fHx8fHx8fDE2Mjc4MzY1NDE&ixlib=rb-1.2.1&q=85

aEkkE4HcTR0

Done Saving
----------------------------------------------------------------------------------------------------
Sun Aug  1 17:49:11 2021
https://images.unsplash.com/photo-1434908693837-9a456bd25134?crop=entropy&cs=srgb&fm=jpg&ixid=MnwyNTA0NjV8MHwxfGFsbHx8fHx8fHx8fDE2Mjc4MzM2MDE&ixlib=rb-1.2.1&q=85
Secluded Mountain Vacation, Hvar, Croatia
Hvar

WS8UKXSHJaE
NIKON CORPORATION
NIKON D3100

Done Saving
----------------------------------------------------------------------------------------------------
Sun Aug  1 17:49:38 2021
https://images.unsplash.com/photo-1627156863760-f49b81d8ab77?crop=entropy&cs=srgb&fm=jpg&ixid=MnwyNTA0NjV8MHwxfGFsbHx8fHx8fHx8fDE2Mjc4MzY1Nzg&ixlib=rb-1.2.1&q=85
Venice, Benátky, Taliansko
Benátky
45.440847, 12.315515

MDZAbQApcKY
DJI
FC3411
1/800
f/2.8
8.4mm
100 ISO

Done Saving
----------------------------------------------------------------------------------------------------
Sun Aug  1 17:50:50 2021
https://images.unsplash.com/photo-1626897545318-685b73b1869e?crop=entropy&cs=srgb&fm=jpg&ixid=MnwyNTA0NjV8MHwxfGFsbHx8fHx8fHx8fDE2Mjc4MzY1MzY&ixlib=rb-1.2.1&q=85
Kazbegi, Georgia
42.694722, 44.511198

SvXmOZ0cFSw
PENTAX K-r
1/50
f/2.8
50.0mm
1000 ISO

Done Saving
----------------------------------------------------------------------------------------------------
Sun Aug  1 17:50:57 2021
https://images.unsplash.com/photo-1588323158582-b3f6ed8c9885?crop=entropy&cs=srgb&fm=jpg&ixid=MnwyNTA0NjV8MHwxfGFsbHx8fHx8fHx8fDE2Mjc4MzY2NTc&ixlib=rb-1.2.1&q=85

K8ZP0axOaBU
DJI
FC2103
1/1504
f/2.8
4.5mm
100 ISO

Done Saving
----------------------------------------------------------------------------------------------------
Sun Aug  1 17:50:59 2021
https://images.unsplash.com/photo-1627136830599-33c3894d46ac?crop=entropy&cs=srgb&fm=jpg&ixid=MnwyNTA0NjV8MHwxfGFsbHx8fHx8fHx8fDE2Mjc4MzY1NDE&ixlib=rb-1.2.1&q=85

aEkkE4HcTR0

Done Saving
----------------------------------------------------------------------------------------------------
Sun Aug  1 17:51:01 2021
https://images.unsplash.com/photo-1619589036708-19f079d065ee?crop=entropy&cs=srgb&fm=jpg&ixid=MnwyNTA0NjV8MHwxfGFsbHx8fHx8fHx8fDE2Mjc4MzYyODE&ixlib=rb-1.2.1&q=85
California, USA
36.778261, -119.417932

IX4AeXQKgws
SONY
ILCE-6000
1/400
f/6.3
210.0mm
250 ISO

Done Saving
----------------------------------------------------------------------------------------------------
Sun Aug  1 17:51:03 2021
https://images.unsplash.com/photo-1626897545318-685b73b1869e?crop=entropy&cs=srgb&fm=jpg&ixid=MnwyNTA0NjV8MHwxfGFsbHx8fHx8fHx8fDE2Mjc4MzY1MzY&ixlib=rb-1.2.1&q=85
Kazbegi, Georgia
42.694722, 44.511198

SvXmOZ0cFSw
PENTAX K-r
1/50
f/2.8
50.0mm
1000 ISO

Done Saving
----------------------------------------------------------------------------------------------------
Sun Aug  1 17:51:17 2021
https://images.unsplash.com/photo-1473163928189-364b2c4e1135?crop=entropy&cs=srgb&fm=jpg&ixid=MnwyNTA0NjV8MHwxfGFsbHx8fHx8fHx8fDE2Mjc4MzY2Nzc&ixlib=rb-1.2.1&q=85

1-29wyvvLJA

Done Saving
----------------------------------------------------------------------------------------------------
Sun Aug  1 17:51:22 2021
https://images.unsplash.com/photo-1507608869274-d3177c8bb4c7?crop=entropy&cs=srgb&fm=jpg&ixid=MnwyNTA0NjV8MHwxfGFsbHx8fHx8fHx8fDE2Mjc4MzY2ODI&ixlib=rb-1.2.1&q=85
Albuquerque, United States
Albuquerque
35.0853336, -106.6055534

DuBNA1QMpPA
SONY
ILCE-6000
1/400
f/5.6
38.0mm
100 ISO

Done Saving
----------------------------------------------------------------------------------------------------
Sun Aug  1 17:51:34 2021
https://images.unsplash.com/photo-1430651717504-ebb9e3e6795e?crop=entropy&cs=srgb&fm=jpg&ixid=MnwyNTA0NjV8MHwxfGFsbHx8fHx8fHx8fDE2Mjc4MzY2OTQ&ixlib=rb-1.2.1&q=85

vNAZubsDWMg
Canon EOS 5D Mark II
1/1250
f/4.0
32.0mm
100 ISO

Done Saving
----------------------------------------------------------------------------------------------------
Sun Aug  1 17:51:41 2021
https://images.unsplash.com/photo-1499678329028-101435549a4e?crop=entropy&cs=srgb&fm=jpg&ixid=MnwyNTA0NjV8MHwxfGFsbHx8fHx8fHx8fDE2Mjc4MzY3MDA&ixlib=rb-1.2.1&q=85
Vernazza, Italy
Vernazza
44.1340740821285, 9.68522953439333

cYrMQA7a3Wc

Done Saving
----------------------------------------------------------------------------------------------------
Sun Aug  1 17:51:45 2021
https://images.unsplash.com/photo-1502920514313-52581002a659?crop=entropy&cs=srgb&fm=jpg&ixid=MnwyNTA0NjV8MHwxfGFsbHx8fHx8fHx8fDE2Mjc4MzY3MDU&ixlib=rb-1.2.1&q=85

ir5MHI6rPg0
NIKON CORPORATION
NIKON D80
1/40
f/3.5
18.0mm
500 ISO

Done Saving
----------------------------------------------------------------------------------------------------
Sun Aug  1 17:51:47 2021
https://images.unsplash.com/photo-1523590564318-491748f70ea7?crop=entropy&cs=srgb&fm=jpg&ixid=MnwyNTA0NjV8MHwxfGFsbHx8fHx8fHx8fDE2Mjc4MzY3MDc&ixlib=rb-1.2.1&q=85
London Eye, London, United Kingdom
51.5009095, -0.119532299999946

rn-0OotfzFA
Canon EOS 80D
1.6
f/5.6
25.0mm
100 ISO

Done Saving
----------------------------------------------------------------------------------------------------
Sun Aug  1 17:52:41 2021
https://images.unsplash.com/photo-1519500099198-fd81846b8f03?crop=entropy&cs=srgb&fm=jpg&ixid=MnwyNTA0NjV8MHwxfGFsbHx8fHx8fHx8fDE2Mjc4MzY3NjE&ixlib=rb-1.2.1&q=85

4JL_VAgxwcU
Canon EOS 70D
1/640
f/2.0
50.0mm
320 ISO

Done Saving
----------------------------------------------------------------------------------------------------
Sun Aug  1 17:52:47 2021
https://images.unsplash.com/photo-1452421822248-d4c2b47f0c81?crop=entropy&cs=srgb&fm=jpg&ixid=MnwyNTA0NjV8MHwxfGFsbHx8fHx8fHx8fDE2Mjc4MzY3Njc&ixlib=rb-1.2.1&q=85

3OiYMgDKJ6k
OLYMPUS IMAGING CORP.
E-M5
1/200
f/4.0
45.0mm
100 ISO

Done Saving
----------------------------------------------------------------------------------------------------
Sun Aug  1 17:52:50 2021
https://images.unsplash.com/photo-1526778548025-fa2f459cd5c1?crop=entropy&cs=srgb&fm=jpg&ixid=MnwyNTA0NjV8MHwxfGFsbHx8fHx8fHx8fDE2Mjc4MzY3Njk&ixlib=rb-1.2.1&q=85

eyfMgGvo9PA
Canon EOS Rebel T6
1/25
f/5.6
18.0mm
3200 ISO

Done Saving
----------------------------------------------------------------------------------------------------
Sun Aug  1 17:52:52 2021
https://images.unsplash.com/photo-1473496169904-658ba7c44d8a?crop=entropy&cs=srgb&fm=jpg&ixid=MnwyNTA0NjV8MHwxfGFsbHx8fHx8fHx8fDE2Mjc4MzY3NzI&ixlib=rb-1.2.1&q=85
Santa Monica, United States
Santa Monica
34.0194543, -118.4911912

SYx3UCHZJlo
SONY
ILCE-7M2
1/8000
f/1.4
35.0mm
50 ISO

Done Saving
----------------------------------------------------------------------------------------------------
Sun Aug  1 17:52:55 2021
https://images.unsplash.com/photo-1518098268026-4e89f1a2cd8e?crop=entropy&cs=srgb&fm=jpg&ixid=MnwyNTA0NjV8MHwxfGFsbHx8fHx8fHx8fDE2Mjc4MzY3NzU&ixlib=rb-1.2.1&q=85
San Quirico d'Orcia, Italy
San Quirico d'Orcia
43.0581804, 11.6060636

r9RW20TrQ0Y
DJI
FC6310
1/160
f/3.5
8.8mm
100 ISO

Done Saving
----------------------------------------------------------------------------------------------------
Sun Aug  1 18:00:02 2021
https://images.unsplash.com/photo-1499678329028-101435549a4e?crop=entropy&cs=srgb&fm=jpg&ixid=MnwyNTA0NjV8MHwxfGFsbHx8fHx8fHx8fDE2Mjc4MzY3MDA&ixlib=rb-1.2.1&q=85
Vernazza, Italy
Vernazza
44.1340740821285, 9.68522953439333

cYrMQA7a3Wc

Done Saving
----------------------------------------------------------------------------------------------------
Sun Aug  1 19:00:02 2021
https://images.unsplash.com/photo-1464817739973-0128fe77aaa1?crop=entropy&cs=srgb&fm=jpg&ixid=MnwyNTA0NjV8MHwxfGFsbHx8fHx8fHx8fDE2Mjc4NDA4MDE&ixlib=rb-1.2.1&q=85
Byodo-In Temple, Kaneohe, United States
Kaneohe
21.4306937, -157.8322482

9bdt03k4ujw
Canon EOS 6D
30
f/9.0
28.0mm
100 ISO

Done Saving
----------------------------------------------------------------------------------------------------
Sun Aug  1 20:00:01 2021
https://images.unsplash.com/photo-1523590564318-491748f70ea7?crop=entropy&cs=srgb&fm=jpg&ixid=MnwyNTA0NjV8MHwxfGFsbHx8fHx8fHx8fDE2Mjc4NDQ0MDE&ixlib=rb-1.2.1&q=85
London Eye, London, United Kingdom
51.5009095, -0.119532299999946

rn-0OotfzFA
Canon EOS 80D
1.6
f/5.6
25.0mm
100 ISO

Done Saving
----------------------------------------------------------------------------------------------------
Sun Aug  1 21:00:02 2021
https://images.unsplash.com/photo-1623265174181-4095a1a35702?crop=entropy&cs=srgb&fm=jpg&ixid=MnwyNTA0NjV8MHwxfGFsbHx8fHx8fHx8fDE2Mjc4NDgwMDI&ixlib=rb-1.2.1&q=85
Pico Viejo, Spain
28.262222, -16.672778

t4wI_Wv6g_k
Canon EOS 6D
1/25
f/5.6
90.0mm
200 ISO

Done Saving
----------------------------------------------------------------------------------------------------

----------------------------------------------------------------------------------------------------

----------------------------------------------------------------------------------------------------

----------------------------------------------------------------------------------------------------

----------------------------------------------------------------------------------------------------

----------------------------------------------------------------------------------------------------

----------------------------------------------------------------------------------------------------

----------------------------------------------------------------------------------------------------
Sun Aug  1 21:33:28 2021
https://images.unsplash.com/photo-1473496169904-658ba7c44d8a?crop=entropy&cs=srgb&fm=jpg&ixid=MnwyNTA0NjV8MHwxfGFsbHx8fHx8fHx8fDE2Mjc4NTAwMDU&ixlib=rb-1.2.1&q=85
Santa Monica, United States
Santa Monica
34.0194543, -118.4911912

SYx3UCHZJlo
SONY
ILCE-7M2
1/8000
f/1.4
35.0mm
50 ISO

Done Saving
----------------------------------------------------------------------------------------------------
Sun Aug  1 21:34:26 2021
https://images.unsplash.com/photo-1605904266472-c5be8939cdb6?crop=entropy&cs=srgb&fm=jpg&ixid=MnwyNTA0NjV8MHwxfGFsbHx8fHx8fHx8fDE2Mjc4NTAwNjM&ixlib=rb-1.2.1&q=85
Switzerland
46.818188, 8.227512

HTb2aTv2JHs
Canon EOS 6D
1/250
f/8.0
80.0mm
200 ISO

Done Saving
----------------------------------------------------------------------------------------------------

----------------------------------------------------------------------------------------------------

----------------------------------------------------------------------------------------------------

----------------------------------------------------------------------------------------------------
Sun Aug  1 21:35:01 2021
https://images.unsplash.com/photo-1507525428034-b723cf961d3e?crop=entropy&cs=srgb&fm=jpg&ixid=MnwyNTA0NjV8MHwxfGFsbHx8fHx8fHx8fDE2Mjc4NTAwOTk&ixlib=rb-1.2.1&q=85
North Shore, Waialua, United States
Waialua
21.5616575, -158.0715983

KMn4VEeEPR8
Canon EOS REBEL T3i
1/250
f/4.5
10.0mm
200 ISO

Done Saving
----------------------------------------------------------------------------------------------------
Sun Aug  1 21:35:49 2021
https://images.unsplash.com/photo-1464817739973-0128fe77aaa1?crop=entropy&cs=srgb&fm=jpg&ixid=MnwyNTA0NjV8MHwxfGFsbHx8fHx8fHx8fDE2Mjc4NTAxNDY&ixlib=rb-1.2.1&q=85
Byodo-In Temple, Kaneohe, United States
Kaneohe
21.4306937, -157.8322482

9bdt03k4ujw
Canon EOS 6D
30
f/9.0
28.0mm
100 ISO

Done Saving
----------------------------------------------------------------------------------------------------
Sun Aug  1 21:36:13 2021
https://images.unsplash.com/photo-1623265174181-4095a1a35702?crop=entropy&cs=srgb&fm=jpg&ixid=MnwyNTA0NjV8MHwxfGFsbHx8fHx8fHx8fDE2Mjc4NDgwMDI&ixlib=rb-1.2.1&q=85
Pico Viejo, Spain
28.262222, -16.672778

t4wI_Wv6g_k
Canon EOS 6D
1/25
f/5.6
90.0mm
200 ISO

Done Saving
----------------------------------------------------------------------------------------------------

----------------------------------------------------------------------------------------------------
Sun Aug  1 21:36:47 2021
https://images.unsplash.com/photo-1469474968028-56623f02e42e?crop=entropy&cs=srgb&fm=jpg&ixid=MnwyNTA0NjV8MHwxfGFsbHx8fHx8fHx8fDE2Mjc4NTAyMDU&ixlib=rb-1.2.1&q=85
Ciucaș Peak, Romania
45.5217138, 25.9261894

78A265wPiO4
NIKON CORPORATION
NIKON D90
1/200
f/8.0
35.0mm
100 ISO

Done Saving
----------------------------------------------------------------------------------------------------
Sun Aug  1 21:38:08 2021
https://images.unsplash.com/photo-1464817739973-0128fe77aaa1?crop=entropy&cs=srgb&fm=jpg&ixid=MnwyNTA0NjV8MHwxfGFsbHx8fHx8fHx8fDE2Mjc4NTAxNDY&ixlib=rb-1.2.1&q=85
Byodo-In Temple, Kaneohe, United States
Kaneohe
21.4306937, -157.8322482

9bdt03k4ujw
Canon EOS 6D
30
f/9.0
28.0mm
100 ISO

Done Saving
----------------------------------------------------------------------------------------------------

----------------------------------------------------------------------------------------------------

----------------------------------------------------------------------------------------------------
Sun Aug  1 21:39:21 2021
https://images.unsplash.com/photo-1605904266472-c5be8939cdb6?crop=entropy&cs=srgb&fm=jpg&ixid=MnwyNTA0NjV8MHwxfGFsbHx8fHx8fHx8fDE2Mjc4NTAwNjM&ixlib=rb-1.2.1&q=85
Switzerland
46.818188, 8.227512

HTb2aTv2JHs
Canon EOS 6D
1/250
f/8.0
80.0mm
200 ISO

Done Saving
----------------------------------------------------------------------------------------------------
Sun Aug  1 21:40:49 2021
https://images.unsplash.com/photo-1508672019048-805c876b67e2?crop=entropy&cs=srgb&fm=jpg&ixid=MnwyNTA0NjV8MHwxfGFsbHx8fHx8fHx8fDE2Mjc4NTA0NDc&ixlib=rb-1.2.1&q=85
Königssee, Schönau am Königssee, Germany
Schönau am Königssee
47.55498, 12.97863

Yui5vfKHuzs

Done Saving
----------------------------------------------------------------------------------------------------

----------------------------------------------------------------------------------------------------
Sun Aug  1 21:41:12 2021
https://images.unsplash.com/photo-1507525428034-b723cf961d3e?crop=entropy&cs=srgb&fm=jpg&ixid=MnwyNTA0NjV8MHwxfGFsbHx8fHx8fHx8fDE2Mjc4NTAwOTk&ixlib=rb-1.2.1&q=85
North Shore, Waialua, United States
Waialua
21.5616575, -158.0715983

KMn4VEeEPR8
Canon EOS REBEL T3i
1/250
f/4.5
10.0mm
200 ISO

Done Saving
----------------------------------------------------------------------------------------------------
Sun Aug  1 21:41:20 2021
https://images.unsplash.com/photo-1507608869274-d3177c8bb4c7?crop=entropy&cs=srgb&fm=jpg&ixid=MnwyNTA0NjV8MHwxfGFsbHx8fHx8fHx8fDE2Mjc4NTA0Nzc&ixlib=rb-1.2.1&q=85
Albuquerque, United States
Albuquerque
35.0853336, -106.6055534

DuBNA1QMpPA
SONY
ILCE-6000
1/400
f/5.6
38.0mm
100 ISO

Done Saving
----------------------------------------------------------------------------------------------------
Sun Aug  1 21:41:41 2021
https://images.unsplash.com/photo-1523590564318-491748f70ea7?crop=entropy&cs=srgb&fm=jpg&ixid=MnwyNTA0NjV8MHwxfGFsbHx8fHx8fHx8fDE2Mjc4NTA0OTk&ixlib=rb-1.2.1&q=85
London Eye, London, United Kingdom
51.5009095, -0.119532299999946

rn-0OotfzFA
Canon EOS 80D
1.6
f/5.6
25.0mm
100 ISO

Done Saving
----------------------------------------------------------------------------------------------------

----------------------------------------------------------------------------------------------------
Sun Aug  1 21:41:59 2021
https://images.unsplash.com/photo-1523590564318-491748f70ea7?crop=entropy&cs=srgb&fm=jpg&ixid=MnwyNTA0NjV8MHwxfGFsbHx8fHx8fHx8fDE2Mjc4NTA0OTk&ixlib=rb-1.2.1&q=85
London Eye, London, United Kingdom
51.5009095, -0.119532299999946

rn-0OotfzFA
Canon EOS 80D
1.6
f/5.6
25.0mm
100 ISO

Done Saving
----------------------------------------------------------------------------------------------------
Sun Aug  1 21:42:05 2021
https://images.unsplash.com/photo-1605904266472-c5be8939cdb6?crop=entropy&cs=srgb&fm=jpg&ixid=MnwyNTA0NjV8MHwxfGFsbHx8fHx8fHx8fDE2Mjc4NTAwNjM&ixlib=rb-1.2.1&q=85
Switzerland
46.818188, 8.227512

HTb2aTv2JHs
Canon EOS 6D
1/250
f/8.0
80.0mm
200 ISO

Done Saving
----------------------------------------------------------------------------------------------------

----------------------------------------------------------------------------------------------------
Sun Aug  1 21:42:52 2021
https://images.unsplash.com/photo-1473496169904-658ba7c44d8a?crop=entropy&cs=srgb&fm=jpg&ixid=MnwyNTA0NjV8MHwxfGFsbHx8fHx8fHx8fDE2Mjc4NTAwMDU&ixlib=rb-1.2.1&q=85
Santa Monica, United States
Santa Monica
34.0194543, -118.4911912

SYx3UCHZJlo
SONY
ILCE-7M2
1/8000
f/1.4
35.0mm
50 ISO

Done Saving
----------------------------------------------------------------------------------------------------
Sun Aug  1 21:43:24 2021
https://images.unsplash.com/photo-1623265174181-4095a1a35702?crop=entropy&cs=srgb&fm=jpg&ixid=MnwyNTA0NjV8MHwxfGFsbHx8fHx8fHx8fDE2Mjc4NDgwMDI&ixlib=rb-1.2.1&q=85
Pico Viejo, Spain
28.262222, -16.672778

t4wI_Wv6g_k
Canon EOS 6D
1/25
f/5.6
90.0mm
200 ISO

Done Saving
----------------------------------------------------------------------------------------------------
Sun Aug  1 21:44:15 2021
https://images.unsplash.com/photo-1508672019048-805c876b67e2?crop=entropy&cs=srgb&fm=jpg&ixid=MnwyNTA0NjV8MHwxfGFsbHx8fHx8fHx8fDE2Mjc4NTA0NDc&ixlib=rb-1.2.1&q=85
Königssee, Schönau am Königssee, Germany
Schönau am Königssee
47.55498, 12.97863

Yui5vfKHuzs

Done Saving
----------------------------------------------------------------------------------------------------
Sun Aug  1 21:44:35 2021
https://images.unsplash.com/photo-1473496169904-658ba7c44d8a?crop=entropy&cs=srgb&fm=jpg&ixid=MnwyNTA0NjV8MHwxfGFsbHx8fHx8fHx8fDE2Mjc4NTAwMDU&ixlib=rb-1.2.1&q=85
Santa Monica, United States
Santa Monica
34.0194543, -118.4911912

SYx3UCHZJlo
SONY
ILCE-7M2
1/8000
f/1.4
35.0mm
50 ISO

Done Saving
----------------------------------------------------------------------------------------------------

----------------------------------------------------------------------------------------------------
Sun Aug  1 21:48:48 2021
https://images.unsplash.com/photo-1502680390469-be75c86b636f?crop=entropy&cs=srgb&fm=jpg&ixid=MnwyNTA0NjV8MHwxfGFsbHx8fHx8fHx8fDE2Mjc4NTA5MjU&ixlib=rb-1.2.1&q=85
Bali, Indonesia
-8.4095178, 115.188916

_CFv3bntQlQ
Canon EOS 7D Mark II
1/1250
f/8.0
50.0mm
640 ISO

Done Saving
----------------------------------------------------------------------------------------------------
Sun Aug  1 21:49:27 2021
https://images.unsplash.com/photo-1485470733090-0aae1788d5af?crop=entropy&cs=srgb&fm=jpg&ixid=MnwyNTA0NjV8MHwxfGFsbHx8fHx8fHx8fDE2Mjc4NTA5NjU&ixlib=rb-1.2.1&q=85
Poon Hill, Ghode Pani, Nepal
Ghode Pani
28.4004787, 83.6940737

v7daTKlZzaw

Done Saving
----------------------------------------------------------------------------------------------------
Sun Aug  1 21:50:07 2021
https://images.unsplash.com/photo-1473496169904-658ba7c44d8a?crop=entropy&cs=srgb&fm=jpg&ixid=MnwyNTA0NjV8MHwxfGFsbHx8fHx8fHx8fDE2Mjc4NTAwMDU&ixlib=rb-1.2.1&q=85
Santa Monica, United States
Santa Monica
34.0194543, -118.4911912

SYx3UCHZJlo
SONY
ILCE-7M2
1/8000
f/1.4
35.0mm
50 ISO

Done Saving
----------------------------------------------------------------------------------------------------
Sun Aug  1 21:55:01 2021
https://images.unsplash.com/photo-1623265174181-4095a1a35702?crop=entropy&cs=srgb&fm=jpg&ixid=MnwyNTA0NjV8MHwxfGFsbHx8fHx8fHx8fDE2Mjc4NDgwMDI&ixlib=rb-1.2.1&q=85
Pico Viejo, Spain
28.262222, -16.672778

t4wI_Wv6g_k
Canon EOS 6D
1/25
f/5.6
90.0mm
200 ISO

Done Saving
----------------------------------------------------------------------------------------------------
Sun Aug  1 21:56:59 2021
https://images.unsplash.com/photo-1509024644558-2f56ce76c490?crop=entropy&cs=srgb&fm=jpg&ixid=MnwyNTA0NjV8MHwxfGFsbHx8fHx8fHx8fDE2Mjc4NTE0MTY&ixlib=rb-1.2.1&q=85
Rome, Italy
Rome
41.9027835, 12.4963655

lUO-BjCiZEA
NIKON CORPORATION
NIKON D3300
1/500
f/11.0
55.0mm
360 ISO

Done Saving
----------------------------------------------------------------------------------------------------
Sun Aug  1 21:57:13 2021
https://images.unsplash.com/photo-1499678329028-101435549a4e?crop=entropy&cs=srgb&fm=jpg&ixid=MnwyNTA0NjV8MHwxfGFsbHx8fHx8fHx8fDE2Mjc4NTE0MzE&ixlib=rb-1.2.1&q=85
Vernazza, Italy
Vernazza
44.1340740821285, 9.68522953439333

cYrMQA7a3Wc

Done Saving
----------------------------------------------------------------------------------------------------
Sun Aug  1 21:58:23 2021
https://images.unsplash.com/photo-1521295121783-8a321d551ad2?crop=entropy&cs=srgb&fm=jpg&ixid=MnwyNTA0NjV8MHwxfGFsbHx8fHx8fHx8fDE2Mjc4NDk4NTA&ixlib=rb-1.2.1&q=85
Nevada City, United States
Nevada City
39.2615606, -121.0160594

nXt5HtLmlgE
Canon EOS 5D Mark III
1/60
f/2.8
50.0mm
1250 ISO

Done Saving
----------------------------------------------------------------------------------------------------

----------------------------------------------------------------------------------------------------

----------------------------------------------------------------------------------------------------
Sun Aug  1 21:59:08 2021
https://images.unsplash.com/photo-1521295121783-8a321d551ad2?crop=entropy&cs=srgb&fm=jpg&ixid=MnwyNTA0NjV8MHwxfGFsbHx8fHx8fHx8fDE2Mjc4NDk4NTA&ixlib=rb-1.2.1&q=85
Nevada City, United States
Nevada City
39.2615606, -121.0160594

nXt5HtLmlgE
Canon EOS 5D Mark III
1/60
f/2.8
50.0mm
1250 ISO

Done Saving
----------------------------------------------------------------------------------------------------
Sun Aug  1 21:59:15 2021
https://images.unsplash.com/photo-1464817739973-0128fe77aaa1?crop=entropy&cs=srgb&fm=jpg&ixid=MnwyNTA0NjV8MHwxfGFsbHx8fHx8fHx8fDE2Mjc4NTAxNDY&ixlib=rb-1.2.1&q=85
Byodo-In Temple, Kaneohe, United States
Kaneohe
21.4306937, -157.8322482

9bdt03k4ujw
Canon EOS 6D
30
f/9.0
28.0mm
100 ISO

Done Saving
----------------------------------------------------------------------------------------------------
Sun Aug  1 22:00:04 2021
https://images.unsplash.com/photo-1518098268026-4e89f1a2cd8e?crop=entropy&cs=srgb&fm=jpg&ixid=MnwyNTA0NjV8MHwxfGFsbHx8fHx8fHx8fDE2Mjc4NTE2MDE&ixlib=rb-1.2.1&q=85
San Quirico d'Orcia, Italy
San Quirico d'Orcia
43.0581804, 11.6060636

r9RW20TrQ0Y
DJI
FC6310
1/160
f/3.5
8.8mm
100 ISO

Done Saving
----------------------------------------------------------------------------------------------------
Sun Aug  1 22:01:10 2021
https://images.unsplash.com/photo-1464817739973-0128fe77aaa1?crop=entropy&cs=srgb&fm=jpg&ixid=MnwyNTA0NjV8MHwxfGFsbHx8fHx8fHx8fDE2Mjc4NTAxNDY&ixlib=rb-1.2.1&q=85
Byodo-In Temple, Kaneohe, United States
Kaneohe
21.4306937, -157.8322482

9bdt03k4ujw
Canon EOS 6D
30
f/9.0
28.0mm
100 ISO

Done Saving
----------------------------------------------------------------------------------------------------
Sun Aug  1 22:03:17 2021
https://images.unsplash.com/photo-1508672019048-805c876b67e2?crop=entropy&cs=srgb&fm=jpg&ixid=MnwyNTA0NjV8MHwxfGFsbHx8fHx8fHx8fDE2Mjc4NTA0NDc&ixlib=rb-1.2.1&q=85
Königssee, Schönau am Königssee, Germany
Schönau am Königssee
47.55498, 12.97863

Yui5vfKHuzs

Done Saving
----------------------------------------------------------------------------------------------------
Sun Aug  1 22:07:57 2021
https://images.unsplash.com/photo-1507525428034-b723cf961d3e?crop=entropy&cs=srgb&fm=jpg&ixid=MnwyNTA0NjV8MHwxfGFsbHx8fHx8fHx8fDE2Mjc4NTAwOTk&ixlib=rb-1.2.1&q=85
North Shore, Waialua, United States
Waialua
21.5616575, -158.0715983

KMn4VEeEPR8
Canon EOS REBEL T3i
1/250
f/4.5
10.0mm
200 ISO

Done Saving
----------------------------------------------------------------------------------------------------
Sun Aug  1 22:08:09 2021
https://images.unsplash.com/photo-1484950763426-56b5bf172dbb?crop=entropy&cs=srgb&fm=jpg&ixid=MnwyNTA0NjV8MHwxfGFsbHx8fHx8fHx8fDE2Mjc4NTIwODY&ixlib=rb-1.2.1&q=85
Sossusvlei, Namibia
-24.7350069, 15.3248269000001

h8nxGssjQXs
SONY
ILCE-7R
25
f/5.0
16.0mm
3200 ISO

Done Saving
----------------------------------------------------------------------------------------------------
Sun Aug  1 22:08:39 2021
https://images.unsplash.com/photo-1599489302236-948046b5d48b?crop=entropy&cs=srgb&fm=jpg&ixid=MnwyNTA0NjV8MHwxfGFsbHx8fHx8fHx8fDE2Mjc4NDk5NTE&ixlib=rb-1.2.1&q=85
Mingsha Mountain, Dunhuang, Jiuquan, China
Jiuquan
39.972003, 94.62755
Cappadocia, Turky
Cappadocia

MDbxot9wcZw
FUJIFILM
X100V
1/600
f/8.0
23.0mm
160 ISO

Done Saving
----------------------------------------------------------------------------------------------------
Sun Aug  1 22:08:51 2021
https://images.unsplash.com/photo-1518098268026-4e89f1a2cd8e?crop=entropy&cs=srgb&fm=jpg&ixid=MnwyNTA0NjV8MHwxfGFsbHx8fHx8fHx8fDE2Mjc4NTE2MDE&ixlib=rb-1.2.1&q=85
San Quirico d'Orcia, Italy
San Quirico d'Orcia
43.0581804, 11.6060636

r9RW20TrQ0Y
DJI
FC6310
1/160
f/3.5
8.8mm
100 ISO

Done Saving
----------------------------------------------------------------------------------------------------
Sun Aug  1 22:09:04 2021
https://images.unsplash.com/photo-1485470733090-0aae1788d5af?crop=entropy&cs=srgb&fm=jpg&ixid=MnwyNTA0NjV8MHwxfGFsbHx8fHx8fHx8fDE2Mjc4NTA5NjU&ixlib=rb-1.2.1&q=85
Poon Hill, Ghode Pani, Nepal
Ghode Pani
28.4004787, 83.6940737

v7daTKlZzaw

Done Saving
----------------------------------------------------------------------------------------------------
Sun Aug  1 22:09:11 2021
https://images.unsplash.com/photo-1508672019048-805c876b67e2?crop=entropy&cs=srgb&fm=jpg&ixid=MnwyNTA0NjV8MHwxfGFsbHx8fHx8fHx8fDE2Mjc4NTA0NDc&ixlib=rb-1.2.1&q=85
Königssee, Schönau am Königssee, Germany
Schönau am Königssee
47.55498, 12.97863
Cinque Terre, Manarola, Italy
Manarola

Yui5vfKHuzs

Done Saving
----------------------------------------------------------------------------------------------------
Sun Aug  1 22:09:15 2021
https://images.unsplash.com/photo-1502680390469-be75c86b636f?crop=entropy&cs=srgb&fm=jpg&ixid=MnwyNTA0NjV8MHwxfGFsbHx8fHx8fHx8fDE2Mjc4NTA5MjU&ixlib=rb-1.2.1&q=85
Bali, Indonesia
-8.4095178, 115.188916

_CFv3bntQlQ
Canon EOS 7D Mark II
1/1250
f/8.0
50.0mm
640 ISO

Done Saving
----------------------------------------------------------------------------------------------------
Sun Aug  1 22:09:35 2021
https://images.unsplash.com/photo-1509024644558-2f56ce76c490?crop=entropy&cs=srgb&fm=jpg&ixid=MnwyNTA0NjV8MHwxfGFsbHx8fHx8fHx8fDE2Mjc4NTE0MTY&ixlib=rb-1.2.1&q=85
Rome, Italy
Rome
41.9027835, 12.4963655

lUO-BjCiZEA
NIKON CORPORATION
NIKON D3300
1/500
f/11.0
55.0mm
360 ISO

Done Saving
----------------------------------------------------------------------------------------------------
Sun Aug  1 22:10:49 2021
https://images.unsplash.com/photo-1469854523086-cc02fe5d8800?crop=entropy&cs=srgb&fm=jpg&ixid=MnwyNTA0NjV8MHwxfGFsbHx8fHx8fHx8fDE2Mjc4NTIyNDU&ixlib=rb-1.2.1&q=85
Arches National Park Entrance Station, Moab, United States
Moab
38.6165469, -109.6163291

A5rCN8626Ck
SONY
ILCE-7RM2
1/640
f/11.0
50.0mm
400 ISO

Done Saving
----------------------------------------------------------------------------------------------------
Sun Aug  1 22:20:18 2021
https://images.unsplash.com/photo-1484950763426-56b5bf172dbb?crop=entropy&cs=srgb&fm=jpg&ixid=MnwyNTA0NjV8MHwxfGFsbHx8fHx8fHx8fDE2Mjc4NTIwODY&ixlib=rb-1.2.1&q=85
Sossusvlei, Namibia
-24.7350069, 15.3248269000001

h8nxGssjQXs
SONY
ILCE-7R
25
f/5.0
16.0mm
3200 ISO

Done Saving
----------------------------------------------------------------------------------------------------
Sun Aug  1 22:20:24 2021
https://images.unsplash.com/photo-1507525428034-b723cf961d3e?crop=entropy&cs=srgb&fm=jpg&ixid=MnwyNTA0NjV8MHwxfGFsbHx8fHx8fHx8fDE2Mjc4NTAwOTk&ixlib=rb-1.2.1&q=85
North Shore, Waialua, United States
Waialua
21.5616575, -158.0715983

KMn4VEeEPR8
Canon EOS REBEL T3i
1/250
f/4.5
10.0mm
200 ISO

Done Saving
----------------------------------------------------------------------------------------------------
Sun Aug  1 22:20:29 2021
https://images.unsplash.com/photo-1623265174181-4095a1a35702?crop=entropy&cs=srgb&fm=jpg&ixid=MnwyNTA0NjV8MHwxfGFsbHx8fHx8fHx8fDE2Mjc4NTI4Mjc&ixlib=rb-1.2.1&q=85
Pico Viejo, Spain
28.262222, -16.672778

t4wI_Wv6g_k
Canon EOS 6D
1/25
f/5.6
90.0mm
200 ISO

Done Saving
----------------------------------------------------------------------------------------------------
Sun Aug  1 22:21:15 2021
https://images.unsplash.com/photo-1473905008190-69b1a3dc6dd7?crop=entropy&cs=srgb&fm=jpg&ixid=MnwyNTA0NjV8MHwxfGFsbHx8fHx8fHx8fDE2Mjc4NTI4NzE&ixlib=rb-1.2.1&q=85
London, United Kingdom
London
51.5073509, -0.127758299999982
Japan

iPt41beW5rs

Done Saving
----------------------------------------------------------------------------------------------------
Sun Aug  1 22:21:22 2021
https://images.unsplash.com/photo-1484950763426-56b5bf172dbb?crop=entropy&cs=srgb&fm=jpg&ixid=MnwyNTA0NjV8MHwxfGFsbHx8fHx8fHx8fDE2Mjc4NTIwODY&ixlib=rb-1.2.1&q=85
Sossusvlei, Namibia
-24.7350069, 15.3248269000001

h8nxGssjQXs
SONY
ILCE-7R
25
f/5.0
16.0mm
3200 ISO

Done Saving
----------------------------------------------------------------------------------------------------
Sun Aug  1 22:21:29 2021
https://images.unsplash.com/photo-1469474968028-56623f02e42e?crop=entropy&cs=srgb&fm=jpg&ixid=MnwyNTA0NjV8MHwxfGFsbHx8fHx8fHx8fDE2Mjc4NTAyMDU&ixlib=rb-1.2.1&q=85
Ciucaș Peak, Romania
45.5217138, 25.9261894
Cinque Terre, Manarola, Italy
Manarola

78A265wPiO4
NIKON CORPORATION
NIKON D90
1/200
f/8.0
35.0mm
100 ISO

Done Saving
----------------------------------------------------------------------------------------------------
Sun Aug  1 22:28:04 2021
https://images.unsplash.com/photo-1467307983825-619715426c70?crop=entropy&cs=srgb&fm=jpg&ixid=MnwyNTA0NjV8MHwxfGFsbHx8fHx8fHx8fDE2Mjc4NTMyODE&ixlib=rb-1.2.1&q=85
Andheri East, Mumbai, India
Mumbai
19.1154908, 72.8726952

iSi02D_Qx_w
Canon EOS 600D
1/200
f/2.0
50.0mm
400 ISO

Done Saving
----------------------------------------------------------------------------------------------------
Sun Aug  1 22:28:22 2021
https://images.unsplash.com/photo-1465173904241-1f101f249d97?crop=entropy&cs=srgb&fm=jpg&ixid=MnwyNTA0NjV8MHwxfGFsbHx8fHx8fHx8fDE2Mjc4NTMyODk&ixlib=rb-1.2.1&q=85
Kula, United States
Kula
20.7909697, -156.3269338

IOCN-gwfwEU
Canon EOS 5D Mark III
1/400
f/2.8
200.0mm
400 ISO

Done Saving
----------------------------------------------------------------------------------------------------
Sun Aug  1 22:28:22 2021
https://images.unsplash.com/photo-1503610594381-aed30c818b8e?crop=entropy&cs=srgb&fm=jpg&ixid=MnwyNTA0NjV8MHwxfGFsbHx8fHx8fHx8fDE2Mjc4NTMyOTk&ixlib=rb-1.2.1&q=85
Werdorf, Aßlar, Germany
Aßlar
50.600012, 8.41929319999997

KTzZVDjUsXw
SONY
ILCE-7M2
1/1000
f/1.8
50.0mm
100 ISO

Done Saving
----------------------------------------------------------------------------------------------------
Sun Aug  1 22:28:31 2021
https://images.unsplash.com/photo-1456415333674-42b11b9f5b7b?crop=entropy&cs=srgb&fm=jpg&ixid=MnwyNTA0NjV8MHwxfGFsbHx8fHx8fHx8fDE2Mjc4NTMzMDc&ixlib=rb-1.2.1&q=85
Vienna, Austria
Vienna
48.2081743, 16.3738189000001

B1Zyw7sdm5w
OLYMPUS IMAGING CORP.
E-PL5
1/125
f/2.8
45.0mm
200 ISO

Done Saving
----------------------------------------------------------------------------------------------------
Sun Aug  1 22:28:38 2021
https://images.unsplash.com/photo-1465173904241-1f101f249d97?crop=entropy&cs=srgb&fm=jpg&ixid=MnwyNTA0NjV8MHwxfGFsbHx8fHx8fHx8fDE2Mjc4NTMyODk&ixlib=rb-1.2.1&q=85
Kula, United States
Kula
20.7909697, -156.3269338

IOCN-gwfwEU
Canon EOS 5D Mark III
1/400
f/2.8
200.0mm
400 ISO

Done Saving
----------------------------------------------------------------------------------------------------
Sun Aug  1 22:28:50 2021
https://images.unsplash.com/photo-1492725764893-90b379c2b6e7?crop=entropy&cs=srgb&fm=jpg&ixid=MnwyNTA0NjV8MHwxfGFsbHx8fHx8fHx8fDE2Mjc4NTMzMjc&ixlib=rb-1.2.1&q=85
Cents of Style, Bluffdale, United States
Bluffdale
40.4840959, -111.9134772

PmNjS6b3XP4
Canon EOS 6D
1/4000
f/4.0
73.0mm
100 ISO

Done Saving
----------------------------------------------------------------------------------------------------
Sun Aug  1 22:28:59 2021
https://images.unsplash.com/photo-1503610594381-aed30c818b8e?crop=entropy&cs=srgb&fm=jpg&ixid=MnwyNTA0NjV8MHwxfGFsbHx8fHx8fHx8fDE2Mjc4NTMyOTk&ixlib=rb-1.2.1&q=85
Werdorf, Aßlar, Germany
Aßlar
50.600012, 8.41929319999997

KTzZVDjUsXw
SONY
ILCE-7M2
1/1000
f/1.8
50.0mm
100 ISO

Done Saving
----------------------------------------------------------------------------------------------------
Sun Aug  1 22:29:04 2021
https://images.unsplash.com/photo-1514064019862-23e2a332a6a6?crop=entropy&cs=srgb&fm=jpg&ixid=MnwyNTA0NjV8MHwxfGFsbHx8fHx8fHx8fDE2Mjc4NTMzNDE&ixlib=rb-1.2.1&q=85
42.70117833, -83.04224167

IHL-Jbawvvo
Canon EOS 6D
1/80
f/3.5
40.0mm
200 ISO

Done Saving
----------------------------------------------------------------------------------------------------
Sun Aug  1 22:29:10 2021
https://images.unsplash.com/photo-1456415333674-42b11b9f5b7b?crop=entropy&cs=srgb&fm=jpg&ixid=MnwyNTA0NjV8MHwxfGFsbHx8fHx8fHx8fDE2Mjc4NTMzMDc&ixlib=rb-1.2.1&q=85
Vienna, Austria
Vienna
48.2081743, 16.3738189000001

B1Zyw7sdm5w
OLYMPUS IMAGING CORP.
E-PL5
1/125
f/2.8
45.0mm
200 ISO

Done Saving
----------------------------------------------------------------------------------------------------
Sun Aug  1 22:29:15 2021
https://images.unsplash.com/photo-1452827073306-6e6e661baf57?crop=entropy&cs=srgb&fm=jpg&ixid=MnwyNTA0NjV8MHwxfGFsbHx8fHx8fHx8fDE2Mjc4NTMzNTM&ixlib=rb-1.2.1&q=85
Singapore
0.0, 0.0

7pGehyH7o64
OLYMPUS IMAGING CORP.
E-M5
1/160
f/2.8
75.0mm
800 ISO

Done Saving
----------------------------------------------------------------------------------------------------
Sun Aug  1 22:29:24 2021
https://images.unsplash.com/photo-1437913135140-944c1ee62782?crop=entropy&cs=srgb&fm=jpg&ixid=MnwyNTA0NjV8MHwxfGFsbHx8fHx8fHx8fDE2Mjc4NTMzNjE&ixlib=rb-1.2.1&q=85
SoHo, New York, United States
New York
40.723301, -74.0029883

4-gFGb12hFA
Canon EOS 5D Mark III
1/200
f/3.2
75.0mm
500 ISO

Done Saving
----------------------------------------------------------------------------------------------------
Sun Aug  1 22:29:34 2021
https://images.unsplash.com/photo-1514064019862-23e2a332a6a6?crop=entropy&cs=srgb&fm=jpg&ixid=MnwyNTA0NjV8MHwxfGFsbHx8fHx8fHx8fDE2Mjc4NTMzNDE&ixlib=rb-1.2.1&q=85
42.70117833, -83.04224167

IHL-Jbawvvo
Canon EOS 6D
1/80
f/3.5
40.0mm
200 ISO

Done Saving
----------------------------------------------------------------------------------------------------
Sun Aug  1 22:29:39 2021
https://images.unsplash.com/photo-1511174511562-5f7f18b874f8?crop=entropy&cs=srgb&fm=jpg&ixid=MnwyNTA0NjV8MHwxfGFsbHx8fHx8fHx8fDE2Mjc4NTMzNzY&ixlib=rb-1.2.1&q=85
Florianópolis, Brazil
Florianópolis
-27.5953778, -48.5480499

9vnACvX2748
Canon EOS REBEL T5i
1/60
f/3.5
50.0mm
1600 ISO

Done Saving
----------------------------------------------------------------------------------------------------
Sun Aug  1 22:29:55 2021
https://images.unsplash.com/photo-1489599849927-2ee91cede3ba?crop=entropy&cs=srgb&fm=jpg&ixid=MnwyNTA0NjV8MHwxfGFsbHx8fHx8fHx8fDE2Mjc4NTMzOTM&ixlib=rb-1.2.1&q=85
Manchester, United Kingdom
Manchester
53.4807593, -2.24263050000002

evlkOfkQ5rE

Done Saving
----------------------------------------------------------------------------------------------------
Sun Aug  1 22:30:02 2021
https://images.unsplash.com/photo-1517976487492-5750f3195933?crop=entropy&cs=srgb&fm=jpg&ixid=MnwyNTA0NjV8MHwxfGFsbHx8fHx8fHx8fDE2Mjc4NTM0MDA&ixlib=rb-1.2.1&q=85
Kennedy Space Center, Merritt Island, United States
Merritt Island
28.6083252, -80.6041086

OHOU-5UVIYQ
Canon EOS 50D
1/2000
f/8.0
40.0mm
200 ISO

Done Saving
----------------------------------------------------------------------------------------------------
Sun Aug  1 22:36:59 2021
https://images.unsplash.com/photo-1492725764893-90b379c2b6e7?crop=entropy&cs=srgb&fm=jpg&ixid=MnwyNTA0NjV8MHwxfGFsbHx8fHx8fHx8fDE2Mjc4NTMzMjc&ixlib=rb-1.2.1&q=85
Cents of Style, Bluffdale, United States
Bluffdale
40.4840959, -111.9134772

PmNjS6b3XP4
Canon EOS 6D
1/4000
f/4.0
73.0mm
100 ISO

Done Saving
----------------------------------------------------------------------------------------------------
Sun Aug  1 22:37:07 2021
https://images.unsplash.com/photo-1507608869274-d3177c8bb4c7?crop=entropy&cs=srgb&fm=jpg&ixid=MnwyNTA0NjV8MHwxfGFsbHx8fHx8fHx8fDE2Mjc4NTA0Nzc&ixlib=rb-1.2.1&q=85
Albuquerque, United States
Albuquerque
35.0853336, -106.6055534

DuBNA1QMpPA
SONY
ILCE-6000
1/400
f/5.6
38.0mm
100 ISO

Done Saving
----------------------------------------------------------------------------------------------------
Sun Aug  1 22:37:12 2021
https://images.unsplash.com/photo-1456415333674-42b11b9f5b7b?crop=entropy&cs=srgb&fm=jpg&ixid=MnwyNTA0NjV8MHwxfGFsbHx8fHx8fHx8fDE2Mjc4NTMzMDc&ixlib=rb-1.2.1&q=85
Vienna, Austria
Vienna
48.2081743, 16.3738189000001

B1Zyw7sdm5w
OLYMPUS IMAGING CORP.
E-PL5
1/125
f/2.8
45.0mm
200 ISO

Done Saving
----------------------------------------------------------------------------------------------------
Sun Aug  1 22:37:24 2021
https://images.unsplash.com/photo-1452827073306-6e6e661baf57?crop=entropy&cs=srgb&fm=jpg&ixid=MnwyNTA0NjV8MHwxfGFsbHx8fHx8fHx8fDE2Mjc4NTMzNTM&ixlib=rb-1.2.1&q=85
Singapore
0.0, 0.0

7pGehyH7o64
OLYMPUS IMAGING CORP.
E-M5
1/160
f/2.8
75.0mm
800 ISO

Done Saving
----------------------------------------------------------------------------------------------------
Sun Aug  1 23:00:04 2021
https://images.unsplash.com/photo-1514064019862-23e2a332a6a6?crop=entropy&cs=srgb&fm=jpg&ixid=MnwyNTA0NjV8MHwxfGFsbHx8fHx8fHx8fDE2Mjc4NTMzNDE&ixlib=rb-1.2.1&q=85
42.70117833, -83.04224167

IHL-Jbawvvo
Canon EOS 6D
1/80
f/3.5
40.0mm
200 ISO

Done Saving
----------------------------------------------------------------------------------------------------
Sun Aug  1 23:08:26 2021
https://images.unsplash.com/photo-1512909006721-3d6018887383?crop=entropy&cs=srgb&fm=jpg&ixid=MnwyNTA0NjV8MHwxfGFsbHx8fHx8fHx8fDE2Mjc4NTU3MDM&ixlib=rb-1.2.1&q=85
Cologne, Germany
Cologne
50.937531, 6.96027860000004

IPx7J1n_xUc
Canon EOS 60D
1/30
f/1.4
50.0mm
200 ISO

Done Saving
----------------------------------------------------------------------------------------------------
Sun Aug  1 23:08:31 2021
https://images.unsplash.com/photo-1514064019862-23e2a332a6a6?crop=entropy&cs=srgb&fm=jpg&ixid=MnwyNTA0NjV8MHwxfGFsbHx8fHx8fHx8fDE2Mjc4NTMzNDE&ixlib=rb-1.2.1&q=85
42.70117833, -83.04224167
Washington, United States
Washington

IHL-Jbawvvo
Canon EOS 6D
1/80
f/3.5
40.0mm
200 ISO

Done Saving
----------------------------------------------------------------------------------------------------
Sun Aug  1 23:16:03 2021
https://images.unsplash.com/photo-1514064019862-23e2a332a6a6?crop=entropy&cs=srgb&fm=jpg&ixid=MnwyNTA0NjV8MHwxfGFsbHx8fHx8fHx8fDE2Mjc4NTMzNDE&ixlib=rb-1.2.1&q=85
42.70117833, -83.04224167

IHL-Jbawvvo
Canon EOS 6D
1/80
f/3.5
40.0mm
200 ISO

Done Saving
----------------------------------------------------------------------------------------------------
Sun Aug  1 23:16:08 2021
https://images.unsplash.com/photo-1475598322381-f1b499717dda?crop=entropy&cs=srgb&fm=jpg&ixid=MnwyNTA0NjV8MHwxfGFsbHx8fHx8fHx8fDE2Mjc4NTYxNjU&ixlib=rb-1.2.1&q=85
Kalapana, United States
Kalapana
19.354803, -154.97951

E4944K_4SvI

Done Saving
----------------------------------------------------------------------------------------------------
Sun Aug  1 23:39:02 2021
https://images.unsplash.com/photo-1532040683343-edbde6dd500d?crop=entropy&cs=srgb&fm=jpg&ixid=MnwyNTA0NjV8MHwxfGFsbHx8fHx8fHx8fDE2Mjc4NTc1Mzk&ixlib=rb-1.2.1&q=85
Los Angeles, United States
Los Angeles
34.0430601163538, -118.267288339331

8hW2ZB4OHZ0
NIKON CORPORATION
NIKON D5100
1/80
f/5.6
55.0mm
220 ISO

Done Saving
----------------------------------------------------------------------------------------------------
Mon Aug  2 00:00:04 2021
https://images.unsplash.com/photo-1503610594381-aed30c818b8e?crop=entropy&cs=srgb&fm=jpg&ixid=MnwyNTA0NjV8MHwxfGFsbHx8fHx8fHx8fDE2Mjc4NTg4MDE&ixlib=rb-1.2.1&q=85
Werdorf, Aßlar, Germany
Aßlar
50.600012, 8.41929319999997

KTzZVDjUsXw
SONY
ILCE-7M2
1/1000
f/1.8
50.0mm
100 ISO

Done Saving
----------------------------------------------------------------------------------------------------
Mon Aug  2 00:42:50 2021
https://images.unsplash.com/photo-1489599849927-2ee91cede3ba?crop=entropy&cs=srgb&fm=jpg&ixid=MnwyNTA0NjV8MHwxfGFsbHx8fHx8fHx8fDE2Mjc4NjEzNjk&ixlib=rb-1.2.1&q=85
Manchester, United Kingdom
Manchester
53.4807593, -2.24263050000002

evlkOfkQ5rE

Done Saving
----------------------------------------------------------------------------------------------------
Mon Aug  2 00:43:01 2021
https://images.unsplash.com/photo-1480930700499-dc44aa7cb2cf?crop=entropy&cs=srgb&fm=jpg&ixid=MnwyNTA0NjV8MHwxfGFsbHx8fHx8fHx8fDE2Mjc4NjEzNzg&ixlib=rb-1.2.1&q=85
Paimpont, France
Paimpont
48.019561, -2.17405800000006

e9jV1ZyrOmg
SONY
ILCE-6000
1/640
f/2.0
35.0mm
100 ISO

Done Saving
----------------------------------------------------------------------------------------------------
Mon Aug  2 00:43:18 2021
https://images.unsplash.com/photo-1532779952550-b8fc9200ed8c?crop=entropy&cs=srgb&fm=jpg&ixid=MnwyNTA0NjV8MHwxfGFsbHx8fHx8fHx8fDE2Mjc4NjEzOTU&ixlib=rb-1.2.1&q=85
Campese, Italy
Campese
45.8090963, 11.7149881

eGJg5iRGlg8
Canon EOS 80D
6
f/3.5
50.0mm
320 ISO

Done Saving
----------------------------------------------------------------------------------------------------
Mon Aug  2 00:43:31 2021
https://images.unsplash.com/photo-1437913135140-944c1ee62782?crop=entropy&cs=srgb&fm=jpg&ixid=MnwyNTA0NjV8MHwxfGFsbHx8fHx8fHx8fDE2Mjc4NjE0MDg&ixlib=rb-1.2.1&q=85
SoHo, New York, United States
New York
40.723301, -74.0029883

4-gFGb12hFA
Canon EOS 5D Mark III
1/200
f/3.2
75.0mm
500 ISO

Done Saving
----------------------------------------------------------------------------------------------------
Mon Aug  2 00:43:52 2021
https://images.unsplash.com/photo-1492725764893-90b379c2b6e7?crop=entropy&cs=srgb&fm=jpg&ixid=MnwyNTA0NjV8MHwxfGFsbHx8fHx8fHx8fDE2Mjc4NjE0Mjk&ixlib=rb-1.2.1&q=85
Cents of Style, Bluffdale, United States
Bluffdale
40.4840959, -111.9134772

PmNjS6b3XP4
Canon EOS 6D
1/4000
f/4.0
73.0mm
100 ISO

Done Saving
----------------------------------------------------------------------------------------------------
Mon Aug  2 00:43:58 2021
https://images.unsplash.com/photo-1467307983825-619715426c70?crop=entropy&cs=srgb&fm=jpg&ixid=MnwyNTA0NjV8MHwxfGFsbHx8fHx8fHx8fDE2Mjc4NjE0MzY&ixlib=rb-1.2.1&q=85
Andheri East, Mumbai, India
Mumbai
19.1154908, 72.8726952

iSi02D_Qx_w
Canon EOS 600D
1/200
f/2.0
50.0mm
400 ISO

Done Saving
----------------------------------------------------------------------------------------------------
Mon Aug  2 00:44:02 2021
https://images.unsplash.com/photo-1489599849927-2ee91cede3ba?crop=entropy&cs=srgb&fm=jpg&ixid=MnwyNTA0NjV8MHwxfGFsbHx8fHx8fHx8fDE2Mjc4NjEzNjk&ixlib=rb-1.2.1&q=85
Manchester, United Kingdom
Manchester
53.4807593, -2.24263050000002

evlkOfkQ5rE

Done Saving
----------------------------------------------------------------------------------------------------
Mon Aug  2 00:44:09 2021
https://images.unsplash.com/photo-1503610594381-aed30c818b8e?crop=entropy&cs=srgb&fm=jpg&ixid=MnwyNTA0NjV8MHwxfGFsbHx8fHx8fHx8fDE2Mjc4NTg4MDE&ixlib=rb-1.2.1&q=85
Werdorf, Aßlar, Germany
Aßlar
50.600012, 8.41929319999997
Washington, United States
Washington

KTzZVDjUsXw
SONY
ILCE-7M2
1/1000
f/1.8
50.0mm
100 ISO

Done Saving
----------------------------------------------------------------------------------------------------
Mon Aug  2 00:44:19 2021
https://images.unsplash.com/photo-1465173904241-1f101f249d97?crop=entropy&cs=srgb&fm=jpg&ixid=MnwyNTA0NjV8MHwxfGFsbHx8fHx8fHx8fDE2Mjc4NjE0NTc&ixlib=rb-1.2.1&q=85
Kula, United States
Kula
20.7909697, -156.3269338

IOCN-gwfwEU
Canon EOS 5D Mark III
1/400
f/2.8
200.0mm
400 ISO

Done Saving